Log file open, 05/14/17 00:37:28
LogInit:Display: Running engine for game: MyProject
LogPlatformFile: Not using cached read wrapper
LogInit:Display: RandInit(-1525227747) SRandInit(-1525227747).
LogTaskGraph: Started task graph with 5 named threads and 8 total threads with 1 sets of task threads.
LogStats: Stats thread started at 0.864670
LogInit: Using libcurl 7.47.1
LogInit:  - built for x86_64-pc-win32
LogInit:  - supports SSL with OpenSSL/1.0.2g
LogInit:  - supports HTTP deflate (compression) using libz 1.2.8
LogInit:  - other features:
LogInit:      CURL_VERSION_SSL
LogInit:      CURL_VERSION_LIBZ
LogInit:      CURL_VERSION_IPV6
LogInit:      CURL_VERSION_ASYNCHDNS
LogInit:      CURL_VERSION_LARGEFILE
LogInit:      CURL_VERSION_IDN
LogInit:  CurlRequestOptions (configurable via config and command line):
LogInit:  - bVerifyPeer = false  - Libcurl will NOT verify peer certificate
LogInit:  - bUseHttpProxy = false  - Libcurl will NOT use HTTP proxy
LogInit:  - bDontReuseConnections = false  - Libcurl will reuse connections
LogInit:  - CertBundlePath = nullptr  - Libcurl will use whatever was configured at build time.
LogInit: Build: ++UE4+Release-4.15-CL-3416026
LogInit: Engine Version: 4.15.2-3416026+++UE4+Release-4.15
LogInit: Compatible Engine Version: 4.15.0-3299760+++UE4+Release-4.15
LogInit: Net CL: 3299760
LogDevObjectVersion: Number of dev versions registered: 14
LogDevObjectVersion:   Dev-Blueprints (B0D832E4-1F89-4F0D-ACCF-7EB736FD4AA2): 8
LogDevObjectVersion:   Dev-Build (E1C64328-A22C-4D53-A36C-8E866417BD8C): 0
LogDevObjectVersion:   Dev-Core (375EC13C-06E4-48FB-B500-84F0262A717E): 2
LogDevObjectVersion:   Dev-Editor (E4B068ED-F494-42E9-A231-DA0B2E46BB41): 14
LogDevObjectVersion:   Dev-Framework (CFFC743F-43B0-4480-9391-14DF171D2073): 22
LogDevObjectVersion:   Dev-Mobile (B02B49B5-BB20-44E9-A304-32B752E40360): 0
LogDevObjectVersion:   Dev-Networking (A4E4105C-59A1-49B5-A7C5-40C4547EDFEE): 0
LogDevObjectVersion:   Dev-Online (39C831C9-5AE6-47DC-9A44-9C173E1C8E7C): 0
LogDevObjectVersion:   Dev-Physics (78F01B33-EBEA-4F98-B9B4-84EACCB95AA2): 0
LogDevObjectVersion:   Dev-Platform (6631380F-2D4D-43E0-8009-CF276956A95A): 0
LogDevObjectVersion:   Dev-Rendering (12F88B9F-8875-4AFC-A67C-D90C383ABD29): 12
LogDevObjectVersion:   Dev-Sequencer (7B5AE74C-D270-4C10-A958-57980B212A5A): 3
LogDevObjectVersion:   Dev-VR (D7296918-1DD6-4BDD-9DE2-64A83CC13884): 0
LogDevObjectVersion:   Dev-LoadTimes (C2A15278-BFE7-4AFE-6C17-90FF531DF755): 1
LogInit: Compiled (64-bit): May  1 2017 13:11:28
LogInit: Compiled with Visual C++: 19.00.23026.00
LogInit: Build Configuration: Development
LogInit: Branch Name: ++UE4+Release-4.15
LogInit: Command line:  
LogInit: Base directory: D:/Epic Games/UE_4.15/Engine/Binaries/Win64/
LogInit: Installed Engine Build: 1
LogInit: Presizing for max 8388607 objects, including 0 objects not considered by GC, pre-allocating 0 bytes for permanent pool.
LogInit: Object subsystem initialized
[2017.05.14-04.37.30:156][  0]LogInit: Selected Device Profile: [Windows]
[2017.05.14-04.37.30:156][  0]LogInit: Applying CVar settings loaded from the selected device profile: [Windows]
[2017.05.14-04.37.30:287][  0]LogInit: Computer: NANO
[2017.05.14-04.37.30:287][  0]LogInit: User: zehro
[2017.05.14-04.37.30:287][  0]LogInit: CPU Page size=65536, Cores=4
[2017.05.14-04.37.30:287][  0]LogInit: High frequency timer resolution =3.320332 MHz
[2017.05.14-04.37.30:288][  0]LogMemory: Memory total: Physical=7.9GB (8GB approx)
[2017.05.14-04.37.30:288][  0]LogMemory: Platform Memory Stats for Windows
[2017.05.14-04.37.30:288][  0]LogMemory: Process Physical Memory: 262.07 MB used, 262.07 MB peak
[2017.05.14-04.37.30:288][  0]LogMemory: Process Virtual Memory: 262.46 MB used, 262.46 MB peak
[2017.05.14-04.37.30:288][  0]LogMemory: Physical Memory: 5463.50 MB used,  2614.30 MB free, 8077.80 MB total
[2017.05.14-04.37.30:288][  0]LogMemory: Virtual Memory: 645.46 MB used,  2614.30 MB free, 134217728.00 MB total
[2017.05.14-04.37.31:527][  0]LogTextLocalizationManager: No specific translations for ('en-US') exist, so ('en') translations will be used.
[2017.05.14-04.37.36:820][  0]LogD3D11RHI: D3D11 adapters:
[2017.05.14-04.37.37:433][  0]LogD3D11RHI:    0. 'NVIDIA GeForce GTX 980' (Feature Level 11_0)
[2017.05.14-04.37.37:433][  0]LogD3D11RHI:       4060/0/4038 MB DedicatedVideo/DedicatedSystem/SharedSystem, Outputs:2, VendorId:0x10de
[2017.05.14-04.37.37:441][  0]LogD3D11RHI:    1. 'Intel(R) HD Graphics 4000' (Feature Level 11_0)
[2017.05.14-04.37.37:441][  0]LogD3D11RHI:       32/0/1760 MB DedicatedVideo/DedicatedSystem/SharedSystem, Outputs:0, VendorId:0x8086
[2017.05.14-04.37.37:487][  0]LogD3D11RHI:    2. 'Microsoft Basic Render Driver' (Feature Level 11_0)
[2017.05.14-04.37.37:487][  0]LogD3D11RHI:       0/0/4038 MB DedicatedVideo/DedicatedSystem/SharedSystem, Outputs:0, VendorId:0x1414
[2017.05.14-04.37.37:487][  0]LogD3D11RHI: Chosen D3D11 Adapter: 0
[2017.05.14-04.37.37:490][  0]LogD3D11RHI: Creating new Direct3DDevice
[2017.05.14-04.37.37:490][  0]LogD3D11RHI:     GPU DeviceId: 0x13c0 (for the marketing name, search the web for "GPU Device Id")
[2017.05.14-04.37.37:490][  0]LogWindows: EnumDisplayDevices:
[2017.05.14-04.37.37:490][  0]LogWindows:    0. 'NVIDIA GeForce GTX 980' (P:1 D:1)
[2017.05.14-04.37.37:490][  0]LogWindows:    1. 'NVIDIA GeForce GTX 980' (P:0 D:1)
[2017.05.14-04.37.37:490][  0]LogWindows:    2. 'NVIDIA GeForce GTX 980' (P:0 D:0)
[2017.05.14-04.37.37:490][  0]LogWindows:    3. 'NVIDIA GeForce GTX 980' (P:0 D:0)
[2017.05.14-04.37.37:490][  0]LogWindows:    4. 'Intel(R) HD Graphics 4000' (P:0 D:0)
[2017.05.14-04.37.37:491][  0]LogWindows:    5. 'Intel(R) HD Graphics 4000' (P:0 D:0)
[2017.05.14-04.37.37:491][  0]LogWindows:    6. 'Intel(R) HD Graphics 4000' (P:0 D:0)
[2017.05.14-04.37.37:491][  0]LogWindows: DebugString: PrimaryIsNotTheChoosenAdapter PrimaryIsNotTheChoosenAdapter PrimaryIsNotTheChoosenAdapter FoundDriverCount:4 
[2017.05.14-04.37.37:491][  0]LogD3D11RHI:     Adapter Name: NVIDIA GeForce GTX 980
[2017.05.14-04.37.37:491][  0]LogD3D11RHI:   Driver Version: 382.05 (internal:22.21.13.8205, unified:382.05)
[2017.05.14-04.37.37:491][  0]LogD3D11RHI:      Driver Date: 5-1-2017
[2017.05.14-04.37.37:491][  0]LogRHI: Texture pool is 1361 MB (70% of 1945 MB)
[2017.05.14-04.37.38:076][  0]LogD3D11RHI: [Aftermath] Aftermath enabled and primed
[2017.05.14-04.37.38:076][  0]LogD3D11RHI: Async texture creation enabled
[2017.05.14-04.37.38:242][  0]LogD3D11RHI: GPU Timing Frequency: 1000.000000 (Debug: 2 1)
[2017.05.14-04.37.38:308][  0]LogShaderCompilers: Guid format shader working directory is -16 characters bigger than the processId version (../../../../../GitHub/Projects/Unreal/Unreal Projects/MyProject/Intermediate/Shaders/WorkingDirectory/824/).
[2017.05.14-04.37.38:308][  0]LogShaderCompilers: Cleaned the shader compiler working directory 'C:/Users/zehro/AppData/Local/Temp/UnrealShaderWorkingDir/EAFE6329492069BF43388ABEA7EEED7C/'.
[2017.05.14-04.37.38:308][  0]LogShaderCompilers:Display: Using Local Shader Compiler.
[2017.05.14-04.37.43:835][  0]LogTemp:Display: Loaded TP AllDesktopTargetPlatform
[2017.05.14-04.37.43:904][  0]LogTemp:Display: Loaded TP MacClientTargetPlatform
[2017.05.14-04.37.43:981][  0]LogTemp:Display: Loaded TP MacNoEditorTargetPlatform
[2017.05.14-04.37.44:053][  0]LogTemp:Display: Loaded TP MacServerTargetPlatform
[2017.05.14-04.37.44:156][  0]LogTemp:Display: Loaded TP MacTargetPlatform
[2017.05.14-04.37.44:239][  0]LogTemp:Display: Loaded TP WindowsClientTargetPlatform
[2017.05.14-04.37.44:312][  0]LogTemp:Display: Loaded TP WindowsNoEditorTargetPlatform
[2017.05.14-04.37.44:394][  0]LogTemp:Display: Loaded TP WindowsServerTargetPlatform
[2017.05.14-04.37.44:460][  0]LogTemp:Display: Loaded TP WindowsTargetPlatform
[2017.05.14-04.37.44:571][  0]LogTemp:Display: Loaded TP AndroidTargetPlatform
[2017.05.14-04.37.44:643][  0]LogTemp:Display: Loaded TP Android_ASTCTargetPlatform
[2017.05.14-04.37.44:718][  0]LogTemp:Display: Loaded TP Android_ATCTargetPlatform
[2017.05.14-04.37.44:798][  0]LogTemp:Display: Loaded TP Android_DXTTargetPlatform
[2017.05.14-04.37.44:874][  0]LogTemp:Display: Loaded TP Android_ETC1TargetPlatform
[2017.05.14-04.37.44:955][  0]LogTemp:Display: Loaded TP Android_ETC2TargetPlatform
[2017.05.14-04.37.45:121][  0]LogTemp:Display: Loaded TP Android_MultiTargetPlatform
[2017.05.14-04.37.45:121][  0]LogTemp:Display: Loaded TP Android_PVRTCTargetPlatform
[2017.05.14-04.37.45:187][  0]LogTemp:Display: Loaded TP HTML5TargetPlatform
[2017.05.14-04.37.45:430][  0]LogTemp:Display: Loaded TP IOSTargetPlatform
[2017.05.14-04.37.45:485][  0]LogTemp:Display: Loaded TP TVOSTargetPlatform
[2017.05.14-04.37.45:565][  0]LogTemp:Display: Loaded TP LinuxClientTargetPlatform
[2017.05.14-04.37.45:641][  0]LogTemp:Display: Loaded TP LinuxNoEditorTargetPlatform
[2017.05.14-04.37.45:716][  0]LogTemp:Display: Loaded TP LinuxServerTargetPlatform
[2017.05.14-04.37.45:813][  0]LogTemp:Display: Loaded TP LinuxTargetPlatform
[2017.05.14-04.37.45:813][  0]LogTargetPlatformManager:Display: Building Assets For Windows
[2017.05.14-04.37.47:651][  0]LogDerivedDataCache:Display: Max Cache Size: 512 MB
[2017.05.14-04.37.47:920][  0]LogDerivedDataCache: Loaded boot cache 0.27s 50MB C:/Users/zehro/AppData/Local/UnrealEngine/4.15/DerivedDataCache/Boot.ddc.
[2017.05.14-04.37.47:920][  0]LogDerivedDataCache:Display: Loaded Boot cache: C:/Users/zehro/AppData/Local/UnrealEngine/4.15/DerivedDataCache/Boot.ddc
[2017.05.14-04.37.47:921][  0]LogDerivedDataCache: FDerivedDataBackendGraph:  Pak pak cache file ../../../../../GitHub/Projects/Unreal/Unreal Projects/MyProject/DerivedDataCache/DDC.ddp not found, will not use a pak cache.
[2017.05.14-04.37.47:921][  0]LogDerivedDataCache: Unable to find inner node Pak for hierarchical cache Hierarchy.
[2017.05.14-04.37.47:921][  0]LogDerivedDataCache: FDerivedDataBackendGraph:  CompressedPak pak cache file ../../../../../GitHub/Projects/Unreal/Unreal Projects/MyProject/DerivedDataCache/Compressed.ddp not found, will not use a pak cache.
[2017.05.14-04.37.47:921][  0]LogDerivedDataCache: Unable to find inner node CompressedPak for hierarchical cache Hierarchy.
[2017.05.14-04.37.48:016][  0]LogDerivedDataCache:Display: Pak cache opened for reading ../../../Engine/DerivedDataCache/Compressed.ddp.
[2017.05.14-04.37.48:030][  0]LogDerivedDataCache: Using Local data cache path C:/Users/zehro/AppData/Local/UnrealEngine/Common/DerivedDataCache: Writable
[2017.05.14-04.37.48:197][  0]LogSlate: Using Freetype 2.6.0
[2017.05.14-04.37.48:273][  0]LogSlate: SlateFontCache - WITH_FREETYPE: 1, WITH_HARFBUZZ: 1
[2017.05.14-04.37.48:274][  0]LogSlate: SlateFontCache - WITH_FREETYPE: 1, WITH_HARFBUZZ: 1
[2017.05.14-04.37.57:909][  0]LogInit: Selected Device Profile: [Windows]
[2017.05.14-04.37.57:988][  0]LogContentStreaming: Texture pool size is 0.00 MB
[2017.05.14-04.37.58:664][  0]LogMeshUtilities: Using QuadricMeshReduction for automatic static mesh reduction
[2017.05.14-04.37.58:739][  0]LogSimplygon: Simplygon DLL not present - disabling.
[2017.05.14-04.37.58:827][  0]LogMeshUtilities: Using SimplygonSwarm for distributed automatic mesh merging
[2017.05.14-04.37.58:827][  0]LogMeshUtilities: No automatic skeletal mesh reduction module available
[2017.05.14-04.37.58:827][  0]LogMeshUtilities: No automatic mesh merging module available
[2017.05.14-04.38.03:986][  0]LogNetVersion: GetLocalNetworkVersion: CL: 3299760, ProjectName: myproject, ProjectVersion: , EngineNetworkVersion: 2, GameNetworkVersion: 0, NetworkChecksum: 4136520461
[2017.05.14-04.38.04:133][  0]LogAssetRegistry: FAssetRegistry took 0.0212 seconds to start up
[2017.05.14-04.38.04:367][  0]LogPackageLocalizationCache: Processed 4 localized package path(s) for 2 prioritized culture(s) in 0.153486 seconds
[2017.05.14-04.38.04:381][  0]LogUObjectArray: 32493 objects as part of root set at end of initial load.
[2017.05.14-04.38.04:381][  0]LogUObjectAllocator: 7077024 out of 0 bytes used by permanent object pool.
[2017.05.14-04.38.04:381][  0]LogUObjectArray: CloseDisregardForGC: 0/0 objects in disregard for GC pool
[2017.05.14-04.38.04:475][  0]LogInit: WinSock: version 1.1 (2.2), MaxSocks=32767, MaxUdp=65467
[2017.05.14-04.38.49:406][  0]LogSubstanceCoreModule: Substance [CPU] Engine Loaded, Max Texture Size = 2048
[2017.05.14-04.38.49:511][  0]LogTcpMessaging: Initializing TcpMessaging bridge
[2017.05.14-04.38.49:586][  0]LogUdpMessaging: Initializing bridge on interface 0.0.0.0:0 to multicast group 230.0.0.1:6666.
[2017.05.14-04.38.51:488][  0]LogMaterial: Uniform references updated for custom material expression Custom.
[2017.05.14-04.38.52:462][  0]SourceControl: Info Source control is disabled
[2017.05.14-04.38.52:469][  0]SourceControl: Info Source control is disabled
[2017.05.14-04.38.52:609][  0]SourceControl: Info Source control is disabled
[2017.05.14-04.38.52:743][  0]SourceControl: Info Source control is disabled
[2017.05.14-04.38.56:286][  0]LogEngine: Initializing Engine...
[2017.05.14-04.38.56:717][  0]LogHMD: Failed to initialize OpenVR with code 108
[2017.05.14-04.38.57:384][  0]LogStats: UGameplayTagsManager::ConstructGameplayTagTree: Construct from data asset -  0.000 s
[2017.05.14-04.38.57:384][  0]LogStats: UGameplayTagsManager::ConstructGameplayTagTree: GameplayTagTreeChangedEvent.Broadcast -  0.000 s
[2017.05.14-04.38.57:790][  0]LogAIModule: Creating AISystem for world Untitled
[2017.05.14-04.38.57:991][  0]LogInit: XAudio2 using 'Speakers (High Definition Audio Device)' : 2 channels at 44.1 kHz using 16 bits per sample (channel mask 0x3)
[2017.05.14-04.38.58:002][  0]LogInit: FAudioDevice initialized.
[2017.05.14-04.38.58:029][  0]LogDerivedDataCache: Saved boot cache 0.03s 50MB C:/Users/zehro/AppData/Local/UnrealEngine/4.15/DerivedDataCache/Boot.ddc.
[2017.05.14-04.38.58:036][  0]LogInit: Texture streaming: Enabled
[2017.05.14-04.38.58:313][  0]LogEngineSessionManager: EngineSessionManager initialized
[2017.05.14-04.38.58:539][  0]LogInit: Transaction tracking system initialized
[2017.05.14-04.38.59:087][  0]BlueprintLog: New page: Editor Load
[2017.05.14-04.39.01:103][  0]LocalizationService: Info Localization service is disabled
[2017.05.14-04.39.02:594][  0]LogConsoleResponse:Display: 
[2017.05.14-04.39.05:358][  0]LogCook:Display: Max memory allowance for cook 16384mb min free memory 0mb
[2017.05.14-04.39.05:358][  0]LogCook:Display: Mobile HDR setting 1
[2017.05.14-04.39.05:962][  0]LogFileCache: Scanning file cache for directory 'D:/GitHub/Projects/Unreal/Unreal Projects/MyProject/Content/' took 0.02s
[2017.05.14-04.39.08:087][  0]SourceControl: Info Source control is disabled
[2017.05.14-04.39.08:087][  0]Cmd: MAP LOAD FILE="../../../../../GitHub/Projects/Unreal/Unreal Projects/MyProject/Content/ThirdPersonBP/Maps/ThirdPersonExampleMap.umap" TEMPLATE=0 SHOWPROGRESS=1 FEATURELEVEL=3
[2017.05.14-04.39.08:088][  0]LightingResults: New page: Lighting Build
[2017.05.14-04.39.08:229][  0]MapCheck: New page: Map Check
[2017.05.14-04.39.08:229][  0]LightingResults: New page: Lighting Build
[2017.05.14-04.39.10:669][  0]LogAnimationCompression: Building Anim DDC data for AnimSequence /Game/Mannequin/Animations/ThirdPerson_Jump.ThirdPerson_Jump
[2017.05.14-04.39.10:719][  0]LogAnimationCompression: Building Anim DDC data for AnimSequence /Game/Mannequin/Animations/ThirdPersonJump_Loop.ThirdPersonJump_Loop
[2017.05.14-04.39.10:744][  0]LogAnimationCompression: Building Anim DDC data for AnimSequence /Game/Mannequin/Animations/ThirdPersonJump_Start.ThirdPersonJump_Start
[2017.05.14-04.39.10:759][  0]LogAnimationCompression: Building Anim DDC data for AnimSequence /Game/Mannequin/Animations/ThirdPersonRun.ThirdPersonRun
[2017.05.14-04.39.10:780][  0]LogAnimationCompression: Building Anim DDC data for AnimSequence /Game/Mannequin/Animations/ThirdPersonIdle.ThirdPersonIdle
[2017.05.14-04.39.10:868][  0]LogAnimationCompression: Building Anim DDC data for AnimSequence /Game/Mannequin/Animations/ThirdPersonWalk.ThirdPersonWalk
[2017.05.14-04.39.11:087][  0]LogAIModule: Creating AISystem for world ThirdPersonExampleMap
[2017.05.14-04.39.11:494][  0]LogEditorServer: Finished looking for orphan Actors (0.000 secs)
[2017.05.14-04.39.11:506][  0]Cmd: MAP CHECKDEP NOCLEARLOG
[2017.05.14-04.39.11:565][  0]MapCheck: Info Map check complete: 0 Error(s), 0 Warning(s), took 58.46ms to complete.
[2017.05.14-04.39.11:565][  0]LogFileHelpers: Loading map 'ThirdPersonExampleMap' took 3.478
[2017.05.14-04.39.13:865][  0]LogSlate: Only BGRA pngs, bmps or icos are supported in by External Image Picker
[2017.05.14-04.39.14:248][  0]LogTemp:Display: Executing iPhonePackager certificates Engine -bundlename com.YourCompany.MyProject

[2017.05.14-04.39.14:248][  0]LogTemp:Display: CWD: D:\Epic Games\UE_4.15\Engine\Binaries\DotNET\IOS

[2017.05.14-04.39.14:248][  0]LogTemp:Display: Initial Dir: D:\Epic Games\UE_4.15

[2017.05.14-04.39.14:248][  0]LogTemp:Display: Env CWD: D:\Epic Games\UE_4.15\Engine\Binaries\DotNET\IOS

[2017.05.14-04.39.14:248][  0]LogTemp:Display: BranchPath = NANO/D/Epic Games/UE_4.15/Engine/Binaries --- GameBranchPath = NANO/D/Epic Games/UE_4.15/Engine/Binaries

[2017.05.14-04.39.14:248][  0]LogTemp:Display: IPP ERROR: Application exception: System.IO.DirectoryNotFoundException: Could not find a part of the path 'C:\Users\zehro\AppData\Local\Apple Computer\MobileDevice\Provisioning Profiles'.

[2017.05.14-04.39.14:248][  0]LogTemp:Display:    at System.IO.__Error.WinIOError(Int32 errorCode, String maybeFullPath)

[2017.05.14-04.39.14:248][  0]LogTemp:Display:    at System.IO.FileSystemEnumerableIterator`1.CommonInit()

[2017.05.14-04.39.14:248][  0]LogTemp:Display:    at System.IO.FileSystemEnumerableIterator`1..ctor(String path, String originalUserPath, String searchPattern, SearchOption searchOption, SearchResultHandler`1 resultHandler, Boolean checkHost)

[2017.05.14-04.39.14:248][  0]LogTemp:Display:    at System.IO.Directory.EnumerateFiles(String path, String searchPattern)

[2017.05.14-04.39.14:248][  0]LogTemp:Display:    at iPhonePackager.CodeSignatureBuilder.FindProvisions(String CFBundleIdentifier)

[2017.05.14-04.39.14:248][  0]LogTemp:Display:    at iPhonePackager.Program.Main(String[] args)

[2017.05.14-04.39.14:248][  0]LogCollectionManager: Loaded 0 collections in 0.001425 seconds
[2017.05.14-04.39.14:332][  0]LogFileCache: Scanning file cache for directory 'D:/GitHub/Projects/Unreal/Unreal Projects/MyProject/Saved/Collections/' took 0.01s
[2017.05.14-04.39.14:332][  0]LogFileCache: Scanning file cache for directory 'D:/GitHub/Projects/Unreal/Unreal Projects/MyProject/Content/Developers/zehro/Collections/' took 0.01s
[2017.05.14-04.39.14:332][  0]LogFileCache: Scanning file cache for directory 'D:/GitHub/Projects/Unreal/Unreal Projects/MyProject/Content/Collections/' took 0.01s
[2017.05.14-04.39.14:332][  0]LogCollectionManager: Rebuilt the GUID cache for 0 collections in 0.000004 seconds
[2017.05.14-04.39.14:342][  0]LogContentBrowser: Native class hierarchy populated in 0.0097 seconds. Added 2284 classes and 468 folders.
[2017.05.14-04.39.14:407][  0]LogContentBrowser: Native class hierarchy updated for 'WidgetCarousel' in 0.0008 seconds. Added 0 classes and 0 folders.
[2017.05.14-04.39.15:864][  0]LogContentBrowser: Native class hierarchy updated for 'AddContentDialog' in 0.0007 seconds. Added 0 classes and 0 folders.
[2017.05.14-04.39.15:958][  0]LogContentBrowser: Native class hierarchy updated for 'SceneOutliner' in 0.0009 seconds. Added 1 classes and 2 folders.
[2017.05.14-04.39.16:179][  0]LogCrashTracker: Crashtracker disabled due to settings.
[2017.05.14-04.39.16:208][  0]LogUObjectGlobals:Warning: Failed to find object 'Class None.'
[2017.05.14-04.39.16:331][  0]LogContentBrowser: Native class hierarchy updated for 'HierarchicalLODOutliner' in 0.0008 seconds. Added 1 classes and 2 folders.
[2017.05.14-04.39.16:331][  0]LogLoad: (Engine Initialization) Total time: 116.81 seconds
[2017.05.14-04.39.16:332][  0]LogLoad: (Engine Initialization) Total Blueprint compile time: 0.36 seconds
[2017.05.14-04.39.16:332][  0]LogExternalProfiler: Found external profiler: VSPerf
[2017.05.14-04.39.16:332][  0]LogExternalProfiler: Using external profiler: VSPerf
[2017.05.14-04.39.16:381][  0]LogOcInput: OculusInput pre-init called
[2017.05.14-04.39.16:542][  0]LogContentStreaming: Texture pool size now 1000 MB
[2017.05.14-04.39.16:594][  0]LogSlate: Took 0.028413 seconds to synchronously load lazily loaded font '../../../Engine/Content/Slate/Fonts/Roboto-Regular.ttf' (155K)
[2017.05.14-04.39.16:616][  0]LogSlate: Took 0.018274 seconds to synchronously load lazily loaded font '../../../Engine/Content/Slate/Fonts/Roboto-Bold.ttf' (160K)
[2017.05.14-04.39.16:645][  0]LogSlate: Took 0.022706 seconds to synchronously load lazily loaded font '../../../Engine/Content/Editor/Slate/Fonts/FontAwesome.ttf' (139K)
[2017.05.14-04.39.17:207][  0]LogSlate: Took 0.020441 seconds to synchronously load lazily loaded font '../../../Engine/Content/Slate/Fonts/Roboto-Light.ttf' (159K)
[2017.05.14-04.39.17:232][  0]LogRenderer: Reallocating scene render targets to support 996x340 NumSamples 1 (Frame:2).
[2017.05.14-04.39.17:479][  2]LogAssetRegistry: Asset discovery search completed in 73.3669 seconds
[2017.05.14-04.39.17:479][  2]LogCollectionManager: Rebuilt the object cache for 0 collections in 0.000025 seconds (found 0 objects)
[2017.05.14-04.39.17:479][  2]LogCollectionManager: Fixed up redirectors for 0 collections in 0.000046 seconds (updated 0 objects)
[2017.05.14-05.22.04:485][267]LogRenderer: Reallocating scene render targets to support 996x348 NumSamples 1 (Frame:473974).
[2017.05.14-05.22.04:532][268]LogRenderer: Reallocating scene render targets to support 996x360 NumSamples 1 (Frame:473976).
[2017.05.14-05.22.04:576][269]LogRenderer: Reallocating scene render targets to support 996x368 NumSamples 1 (Frame:473978).
[2017.05.14-05.22.04:620][270]LogRenderer: Reallocating scene render targets to support 996x376 NumSamples 1 (Frame:473980).
[2017.05.14-05.22.04:663][271]LogRenderer: Reallocating scene render targets to support 996x380 NumSamples 1 (Frame:473982).
[2017.05.14-05.22.04:711][272]LogRenderer: Reallocating scene render targets to support 996x388 NumSamples 1 (Frame:473984).
[2017.05.14-05.22.04:756][273]LogRenderer: Reallocating scene render targets to support 996x396 NumSamples 1 (Frame:473986).
[2017.05.14-05.22.04:836][275]LogRenderer: Reallocating scene render targets to support 996x400 NumSamples 1 (Frame:473990).
[2017.05.14-05.22.04:881][276]LogRenderer: Reallocating scene render targets to support 996x404 NumSamples 1 (Frame:473992).
[2017.05.14-05.22.04:926][277]LogRenderer: Reallocating scene render targets to support 996x412 NumSamples 1 (Frame:473994).
[2017.05.14-05.22.04:968][278]LogRenderer: Reallocating scene render targets to support 996x416 NumSamples 1 (Frame:473996).
[2017.05.14-05.22.05:011][279]LogRenderer: Reallocating scene render targets to support 996x420 NumSamples 1 (Frame:473998).
[2017.05.14-05.22.05:055][280]LogRenderer: Reallocating scene render targets to support 996x428 NumSamples 1 (Frame:474000).
[2017.05.14-05.22.07:914][610]LogEditorViewport: Clicking on Actor (LMB): StaticMeshActor (Floor)
[2017.05.14-05.22.10:164][824]LogTemp: Repeting last play command: Selected Viewport
[2017.05.14-05.22.10:179][824]LogBlueprintUserMessages: Early PlayInEditor Detection: Level '/Game/ThirdPersonBP/Maps/ThirdPersonExampleMap.ThirdPersonExampleMap:PersistentLevel' has LevelScriptBlueprint '/Game/ThirdPersonBP/Maps/ThirdPersonExampleMap.ThirdPersonExampleMap:PersistentLevel.ThirdPersonExampleMap' with GeneratedClass '/Game/ThirdPersonBP/Maps/ThirdPersonExampleMap.ThirdPersonExampleMap_C' with ClassGeneratedBy '/Game/ThirdPersonBP/Maps/ThirdPersonExampleMap.ThirdPersonExampleMap:PersistentLevel.ThirdPersonExampleMap'
[2017.05.14-05.22.10:179][824]LogPlayLevel: PlayLevel: No blueprints needed recompiling
[2017.05.14-05.22.10:190][824]PIE: New page: PIE session: ThirdPersonExampleMap (May 13, 2017, 9:22:10 PM)
[2017.05.14-05.22.10:204][824]LogPlayLevel: Creating play world package: /Game/ThirdPersonBP/Maps/UEDPIE_0_ThirdPersonExampleMap
[2017.05.14-05.22.10:257][824]LogPlayLevel: PIE: StaticDuplicateObject took: (0.053125s)
[2017.05.14-05.22.10:258][824]LogAIModule: Creating AISystem for world ThirdPersonExampleMap
[2017.05.14-05.22.10:258][824]LogPlayLevel: PIE: World Init took: (0.001071s)
[2017.05.14-05.22.10:258][824]LogPlayLevel: PIE: Created PIE world by copying editor world from /Game/ThirdPersonBP/Maps/ThirdPersonExampleMap.ThirdPersonExampleMap to /Game/ThirdPersonBP/Maps/UEDPIE_0_ThirdPersonExampleMap.ThirdPersonExampleMap (0.058944s)
[2017.05.14-05.22.10:320][824]LogInit: XAudio2 using 'Speakers (High Definition Audio Device)' : 2 channels at 44.1 kHz using 16 bits per sample (channel mask 0x3)
[2017.05.14-05.22.10:328][824]LogInit: FAudioDevice initialized.
[2017.05.14-05.22.10:528][824]LogLoad: Game class is 'ThirdPersonGameMode_C'
[2017.05.14-05.22.10:590][824]LogWorld: Bringing World /Game/ThirdPersonBP/Maps/UEDPIE_0_ThirdPersonExampleMap.ThirdPersonExampleMap up for play (max tick rate 0) at 2017.05.14-01.22.10
[2017.05.14-05.22.10:613][824]LogWorld: Bringing up level for play took: 0.034274
[2017.05.14-05.22.10:795][824]LogContentBrowser: Native class hierarchy updated for 'MovieSceneCapture' in 0.0017 seconds. Added 11 classes and 0 folders.
[2017.05.14-05.22.10:802][824]PIE: Info Play in editor start time for /Game/ThirdPersonBP/Maps/UEDPIE_0_ThirdPersonExampleMap -0.31
[2017.05.14-05.22.10:803][824]LogBlueprintUserMessages: Late PlayInEditor Detection: Level '/Game/ThirdPersonBP/Maps/ThirdPersonExampleMap.ThirdPersonExampleMap:PersistentLevel' has LevelScriptBlueprint '/Game/ThirdPersonBP/Maps/ThirdPersonExampleMap.ThirdPersonExampleMap:PersistentLevel.ThirdPersonExampleMap' with GeneratedClass '/Game/ThirdPersonBP/Maps/ThirdPersonExampleMap.ThirdPersonExampleMap_C' with ClassGeneratedBy '/Game/ThirdPersonBP/Maps/ThirdPersonExampleMap.ThirdPersonExampleMap:PersistentLevel.ThirdPersonExampleMap'
[2017.05.14-05.22.16:604][500]LogBlueprintUserMessages: Early EndPlayMap Detection: Level '/Game/ThirdPersonBP/Maps/ThirdPersonExampleMap.ThirdPersonExampleMap:PersistentLevel' has LevelScriptBlueprint '/Game/ThirdPersonBP/Maps/ThirdPersonExampleMap.ThirdPersonExampleMap:PersistentLevel.ThirdPersonExampleMap' with GeneratedClass '/Game/ThirdPersonBP/Maps/ThirdPersonExampleMap.ThirdPersonExampleMap_C' with ClassGeneratedBy '/Game/ThirdPersonBP/Maps/ThirdPersonExampleMap.ThirdPersonExampleMap:PersistentLevel.ThirdPersonExampleMap'
[2017.05.14-05.22.16:736][500]LogBlueprintUserMessages: Late EndPlayMap Detection: Level '/Game/ThirdPersonBP/Maps/ThirdPersonExampleMap.ThirdPersonExampleMap:PersistentLevel' has LevelScriptBlueprint '/Game/ThirdPersonBP/Maps/ThirdPersonExampleMap.ThirdPersonExampleMap:PersistentLevel.ThirdPersonExampleMap' with GeneratedClass '/Game/ThirdPersonBP/Maps/ThirdPersonExampleMap.ThirdPersonExampleMap_C' with ClassGeneratedBy '/Game/ThirdPersonBP/Maps/ThirdPersonExampleMap.ThirdPersonExampleMap:PersistentLevel.ThirdPersonExampleMap'
[2017.05.14-05.22.37:705][108]LogSlate: Took 0.000270 seconds to synchronously load lazily loaded font '../../../Engine/Content/Slate/Fonts/Roboto-Light.ttf' (159K)
[2017.05.14-05.22.37:879][108]LogContentBrowser: Native class hierarchy updated for 'SkeletonEditor' in 0.0008 seconds. Added 1 classes and 2 folders.
[2017.05.14-05.22.38:269][108]LogActorComponent: RegisterComponentWithWorld: (/Engine/Transient.World_6:PersistentLevel.Actor_0.DebugSkelMeshComponent_0) Already registered. Aborting.
[2017.05.14-05.22.38:462][108]LogSlate: Took 0.000226 seconds to synchronously load lazily loaded font '../../../Engine/Content/Slate/Fonts/Roboto-Regular.ttf' (155K)
[2017.05.14-05.22.38:926][108]LogLinker:Warning: Asset '../../../Engine/Plugins/Marketplace/LowEntryExtStdLib/Content/Blueprints/LowEntryExtendedStandardLibraryMacros.uasset' has been saved with empty engine version. The asset will be loaded but may be incompatible.
[2017.05.14-05.22.39:150][108]LogContentBrowser: Native class hierarchy updated for 'BlueprintGraph' in 0.0013 seconds. Added 112 classes and 0 folders.
[2017.05.14-05.22.39:821][108]LogSkeletalMesh: USkeletalMeshComponent::InitArticulated : Bodies already created (/Engine/Transient.World_6:PersistentLevel.Actor_0.DebugSkelMeshComponent_0) - call TermArticulated first.
[2017.05.14-05.22.40:054][108]LogSlate: Took 0.016008 seconds to synchronously load lazily loaded font '../../../Engine/Content/Editor/Slate/Fonts/Roboto-BoldCondensed.ttf' (158K)
[2017.05.14-05.22.40:419][109]LogSlate: Took 0.022497 seconds to synchronously load lazily loaded font '../../../Engine/Content/Editor/Slate/Fonts/Roboto-Italic.ttf' (157K)
[2017.05.14-05.23.49:079][381]LogActorComponent: RegisterComponentWithWorld: (/Engine/Transient.World_11:PersistentLevel.Actor_1.DebugSkelMeshComponent_2) Already registered. Aborting.
[2017.05.14-05.23.49:245][381]LogSkeletalMesh: USkeletalMeshComponent::InitArticulated : Bodies already created (/Engine/Transient.World_11:PersistentLevel.Actor_1.DebugSkelMeshComponent_2) - call TermArticulated first.
[2017.05.14-05.26.36:300][634]LogActorComponent: RegisterComponentWithWorld: (/Engine/Transient.World_16:PersistentLevel.Actor_2.DebugSkelMeshComponent_4) Already registered. Aborting.
[2017.05.14-05.26.36:333][634]LogSkeletalMesh: USkeletalMeshComponent::InitArticulated : Bodies already created (/Engine/Transient.World_16:PersistentLevel.Actor_2.DebugSkelMeshComponent_4) - call TermArticulated first.
[2017.05.14-05.26.36:544][635]LogRenderer: Reallocating scene render targets to support 996x440 NumSamples 1 (Frame:504125).
[2017.05.14-05.29.17:825][384]LogSlate: Took 0.000292 seconds to synchronously load lazily loaded font '../../../Engine/Content/Slate/Fonts/Roboto-Light.ttf' (159K)
[2017.05.14-05.29.26:877][425]LogFileHelpers: Editor autosave (incl. sublevels) for '/Game/ThirdPersonBP/Maps/ThirdPersonExampleMap' took 0.028
[2017.05.14-05.29.26:885][425]OBJ SavePackage: Generating thumbnails for [1] asset(s) in package [/Game/Mannequin/Animations/ThirdPerson_AnimBP] ([1] browsable assets)...
[2017.05.14-05.29.26:904][425]OBJ SavePackage:     Rendered thumbnail for [AnimBlueprint /Game/Mannequin/Animations/ThirdPerson_AnimBP.ThirdPerson_AnimBP]
[2017.05.14-05.29.26:904][425]OBJ SavePackage: Finished generating thumbnails for package [/Game/Mannequin/Animations/ThirdPerson_AnimBP]
[2017.05.14-05.29.27:083][425]LogSavePackage: Save=49.41ms
[2017.05.14-05.29.27:084][425]LogSavePackage: Moving '../../../../../GitHub/Projects/Unreal/Unreal Projects/MyProject/Saved/ThirdPerson_AnimBP_Auto171A960F0453B5420DE7010B961F2A270.tmp' to '../../../../../GitHub/Projects/Unreal/Unreal Projects/MyProject/Saved/Autosaves/Game/Mannequin/Animations/ThirdPerson_AnimBP_Auto1.uasset'
[2017.05.14-05.29.27:085][425]LogSavePackage:Display: Finished SavePackage ../../../../../GitHub/Projects/Unreal/Unreal Projects/MyProject/Saved/Autosaves/Game/Mannequin/Animations/ThirdPerson_AnimBP_Auto1.uasset
[2017.05.14-05.29.27:086][425]LogFileHelpers: Auto-saving content packages took 0.208
[2017.05.14-05.47.23:896][802]LogSavePackage: Save=42.42ms
[2017.05.14-05.47.23:896][802]LogSavePackage: Moving '../../../../../GitHub/Projects/Unreal/Unreal Projects/MyProject/Saved/ThirdPerson_AnimBP820BE6184EBF7095F1DAFCBE300BC59F.tmp' to '../../../../../GitHub/Projects/Unreal/Unreal Projects/MyProject/Content/Mannequin/Animations/ThirdPerson_AnimBP.uasset'
[2017.05.14-05.47.23:910][802]LogSavePackage:Display: Finished SavePackage ../../../../../GitHub/Projects/Unreal/Unreal Projects/MyProject/Content/Mannequin/Animations/ThirdPerson_AnimBP.uasset
[2017.05.14-05.47.26:271][ 83]BlueprintLog: New page: Compile ThirdPerson_AnimBP
[2017.05.14-05.50.17:755][242]Cmd: QUIT_EDITOR
[2017.05.14-05.50.18:669][242]LogWindowsTextInputMethodSystem:Display: IME system now deactivated.
[2017.05.14-05.50.18:729][242]LogExit: Preparing to exit.
[2017.05.14-05.50.19:088][242]LogDirectoryWatcher: A directory notification for 'D:/GitHub/Projects/Unreal/Unreal Projects/MyProject/Content/' was aborted.
[2017.05.14-05.50.19:217][242]LogExit: Editor shut down
[2017.05.14-05.50.19:218][242]LogExit: Transaction tracking system shut down
[2017.05.14-05.50.19:471][242]LogObj: Freed 0b from 0 cluster array pools.
[2017.05.14-05.50.19:471][242]LogExit: Object subsystem successfully closed.
[2017.05.14-05.50.19:514][242]LogD3D11RHI: Shutdown
[2017.05.14-05.50.19:514][242]LogD3D11RHI: CleanupD3DDevice
[2017.05.14-05.50.19:665][242]LogD3D11RHI: ~FD3D11DynamicRHI
[2017.05.14-05.50.19:674][242]LogModuleManager: Shutting down and abandoning module AnimationEditor (520)
[2017.05.14-05.50.19:674][242]LogModuleManager: Shutting down and abandoning module BlueprintGraph (518)
[2017.05.14-05.50.19:674][242]LogModuleManager: Shutting down and abandoning module BlueprintProfiler (516)
[2017.05.14-05.50.19:674][242]LogModuleManager: Shutting down and abandoning module SkeletonEditor (514)
[2017.05.14-05.50.19:674][242]LogModuleManager: Shutting down and abandoning module AnimationBlueprintEditor (512)
[2017.05.14-05.50.19:674][242]LogModuleManager: Shutting down and abandoning module MovieSceneCapture (510)
[2017.05.14-05.50.19:674][242]LogModuleManager: Shutting down and abandoning module HierarchicalLODOutliner (508)
[2017.05.14-05.50.19:674][242]LogModuleManager: Shutting down and abandoning module CrashTracker (506)
[2017.05.14-05.50.19:674][242]LogModuleManager: Shutting down and abandoning module SceneOutliner (504)
[2017.05.14-05.50.19:674][242]LogModuleManager: Shutting down and abandoning module AddContentDialog (502)
[2017.05.14-05.50.19:674][242]LogDirectoryWatcher: A directory notification for 'D:/Epic Games/UE_4.15/FeaturePacks/' was aborted.
[2017.05.14-05.50.19:681][242]LogModuleManager: Shutting down and abandoning module WidgetCarousel (501)
[2017.05.14-05.50.19:681][242]LogModuleManager: Shutting down and abandoning module EditorWidgets (498)
[2017.05.14-05.50.19:681][242]LogModuleManager: Shutting down and abandoning module CollectionManager (496)
[2017.05.14-05.50.19:681][242]LogDirectoryWatcher: A directory notification for 'D:/GitHub/Projects/Unreal/Unreal Projects/MyProject/Content/Collections/' was aborted.
[2017.05.14-05.50.19:681][242]LogDirectoryWatcher: A directory notification for 'D:/GitHub/Projects/Unreal/Unreal Projects/MyProject/Content/Developers/zehro/Collections/' was aborted.
[2017.05.14-05.50.19:681][242]LogDirectoryWatcher: A directory notification for 'D:/GitHub/Projects/Unreal/Unreal Projects/MyProject/Saved/Collections/' was aborted.
[2017.05.14-05.50.19:681][242]LogModuleManager: Shutting down and abandoning module ExternalImagePicker (494)
[2017.05.14-05.50.19:681][242]LogModuleManager: Shutting down and abandoning module StatsViewer (492)
[2017.05.14-05.50.19:681][242]LogModuleManager: Shutting down and abandoning module FoliageEdit (490)
[2017.05.14-05.50.19:681][242]LogModuleManager: Shutting down and abandoning module LandscapeEditor (488)
[2017.05.14-05.50.19:681][242]LogModuleManager: Shutting down and abandoning module SceneDepthPickerMode (486)
[2017.05.14-05.50.19:681][242]LogModuleManager: Shutting down and abandoning module ActorPickerMode (484)
[2017.05.14-05.50.19:681][242]LogModuleManager: Shutting down and abandoning module GeometryMode (482)
[2017.05.14-05.50.19:681][242]LogModuleManager: Shutting down and abandoning module TextureAlignMode (480)
[2017.05.14-05.50.19:681][242]LogModuleManager: Shutting down and abandoning module BspMode (478)
[2017.05.14-05.50.19:681][242]LogModuleManager: Shutting down and abandoning module HardwareSurvey (476)
[2017.05.14-05.50.19:681][242]LogModuleManager: Shutting down and abandoning module SequenceRecorderSections (474)
[2017.05.14-05.50.19:681][242]LogModuleManager: Shutting down and abandoning module AutomationWorker (472)
[2017.05.14-05.50.19:681][242]LogModuleManager: Shutting down and abandoning module MatineeToLevelSequence (470)
[2017.05.14-05.50.19:681][242]LogModuleManager: Shutting down and abandoning module LevelSequenceEditor (468)
[2017.05.14-05.50.19:681][242]LogModuleManager: Shutting down and abandoning module PlacementMode (467)
[2017.05.14-05.50.19:681][242]LogModuleManager: Shutting down and abandoning module WmfMediaFactory (464)
[2017.05.14-05.50.19:681][242]LogModuleManager: Shutting down and abandoning module WmfMediaEditor (462)
[2017.05.14-05.50.19:681][242]LogModuleManager: Shutting down and abandoning module MfMediaFactory (460)
[2017.05.14-05.50.19:681][242]LogModuleManager: Shutting down and abandoning module MfMediaEditor (458)
[2017.05.14-05.50.19:681][242]LogModuleManager: Shutting down and abandoning module AvfMediaFactory (456)
[2017.05.14-05.50.19:681][242]LogModuleManager: Shutting down and abandoning module AvfMediaEditor (454)
[2017.05.14-05.50.19:681][242]LogModuleManager: Shutting down and abandoning module AndroidMediaFactory (452)
[2017.05.14-05.50.19:681][242]LogModuleManager: Shutting down and abandoning module Media (451)
[2017.05.14-05.50.19:681][242]LogModuleManager: Shutting down and abandoning module AndroidMediaEditor (448)
[2017.05.14-05.50.19:681][242]LogModuleManager: Shutting down and abandoning module CharacterAI (446)
[2017.05.14-05.50.19:681][242]LogModuleManager: Shutting down and abandoning module AudioCapture (444)
[2017.05.14-05.50.19:682][242]LogModuleManager: Shutting down and abandoning module SequenceRecorder (443)
[2017.05.14-05.50.19:692][242]LogModuleManager: Shutting down and abandoning module SmartSnapping (440)
[2017.05.14-05.50.19:692][242]LogModuleManager: Shutting down and abandoning module SessionServices (438)
[2017.05.14-05.50.19:692][242]LogModuleManager: Shutting down and abandoning module ViewportSnapping (436)
[2017.05.14-05.50.19:692][242]LogModuleManager: Shutting down and abandoning module ViewportInteraction (434)
[2017.05.14-05.50.19:692][242]LogModuleManager: Shutting down and abandoning module LogVisualizer (432)
[2017.05.14-05.50.19:693][242]LogModuleManager: Shutting down and abandoning module IntroTutorials (430)
[2017.05.14-05.50.19:693][242]LogModuleManager: Shutting down and abandoning module GameProjectGeneration (429)
[2017.05.14-05.50.19:693][242]LogModuleManager: Shutting down and abandoning module EditorLiveStreaming (426)
[2017.05.14-05.50.19:693][242]LogModuleManager: Shutting down and abandoning module IOSPlatformEditor (424)
[2017.05.14-05.50.19:693][242]LogModuleManager: Shutting down and abandoning module HTML5PlatformEditor (422)
[2017.05.14-05.50.19:693][242]LogModuleManager: Shutting down and abandoning module AndroidPlatformEditor (420)
[2017.05.14-05.50.19:693][242]LogModuleManager: Shutting down and abandoning module AndroidDeviceDetection (419)
[2017.05.14-05.50.20:362][242]LogModuleManager: Shutting down and abandoning module IOSRuntimeSettings (416)
[2017.05.14-05.50.20:362][242]LogModuleManager: Shutting down and abandoning module AndroidRuntimeSettings (414)
[2017.05.14-05.50.20:362][242]LogModuleManager: Shutting down and abandoning module InputBindingEditor (412)
[2017.05.14-05.50.20:362][242]LogModuleManager: Shutting down and abandoning module NiagaraEditor (410)
[2017.05.14-05.50.20:362][242]LogModuleManager: Shutting down and abandoning module MergeActors (408)
[2017.05.14-05.50.20:362][242]LogModuleManager: Shutting down and abandoning module SizeMap (406)
[2017.05.14-05.50.20:362][242]LogModuleManager: Shutting down and abandoning module TreeMap (404)
[2017.05.14-05.50.20:362][242]LogModuleManager: Shutting down and abandoning module ReferenceViewer (402)
[2017.05.14-05.50.20:362][242]LogModuleManager: Shutting down and abandoning module LocalizationDashboard (400)
[2017.05.14-05.50.20:362][242]LogModuleManager: Shutting down and abandoning module LocalizationService (399)
[2017.05.14-05.50.20:363][242]LogModuleManager: Shutting down and abandoning module HardwareTargeting (396)
[2017.05.14-05.50.20:363][242]LogModuleManager: Shutting down and abandoning module DeviceProfileEditor (394)
[2017.05.14-05.50.20:363][242]LogModuleManager: Shutting down and abandoning module UndoHistory (392)
[2017.05.14-05.50.20:363][242]LogModuleManager: Shutting down and abandoning module UserFeedback (390)
[2017.05.14-05.50.20:363][242]LogModuleManager: Shutting down and abandoning module XmlParser (388)
[2017.05.14-05.50.20:363][242]LogModuleManager: Shutting down and abandoning module Blutility (386)
[2017.05.14-05.50.20:363][242]LogModuleManager: Shutting down and abandoning module ProjectSettingsViewer (384)
[2017.05.14-05.50.20:363][242]LogModuleManager: Shutting down and abandoning module ProjectTargetPlatformEditor (383)
[2017.05.14-05.50.20:363][242]LogModuleManager: Shutting down and abandoning module EditorSettingsViewer (380)
[2017.05.14-05.50.20:364][242]LogModuleManager: Shutting down and abandoning module SettingsEditor (378)
[2017.05.14-05.50.20:364][242]LogModuleManager: Shutting down and abandoning module ProjectLauncher (376)
[2017.05.14-05.50.20:364][242]LogModuleManager: Shutting down and abandoning module SessionFrontend (374)
[2017.05.14-05.50.20:364][242]LogModuleManager: Shutting down and abandoning module ProfilerClient (372)
[2017.05.14-05.50.20:364][242]LogModuleManager: Shutting down and abandoning module DeviceManager (370)
[2017.05.14-05.50.20:364][242]LogModuleManager: Shutting down and abandoning module TargetDeviceServices (369)
[2017.05.14-05.50.20:411][242]LogModuleManager: Shutting down and abandoning module AutomationController (366)
[2017.05.14-05.50.20:411][242]LogModuleManager: Shutting down and abandoning module AutomationWindow (364)
[2017.05.14-05.50.20:411][242]LogModuleManager: Shutting down and abandoning module Layers (362)
[2017.05.14-05.50.20:411][242]LogModuleManager: Shutting down and abandoning module ComponentVisualizers (360)
[2017.05.14-05.50.20:411][242]LogModuleManager: Shutting down and abandoning module DetailCustomizations (358)
[2017.05.14-05.50.20:411][242]LogModuleManager: Shutting down and abandoning module PackagesDialog (356)
[2017.05.14-05.50.20:412][242]LogModuleManager: Shutting down and abandoning module Persona (354)
[2017.05.14-05.50.20:412][242]LogModuleManager: Shutting down and abandoning module AnimGraph (353)
[2017.05.14-05.50.20:412][242]LogModuleManager: Shutting down and abandoning module Kismet (350)
[2017.05.14-05.50.20:420][242]LogModuleManager: Shutting down and abandoning module GraphEditor (348)
[2017.05.14-05.50.20:420][242]LogModuleManager: Shutting down and abandoning module ClassViewer (346)
[2017.05.14-05.50.20:420][242]LogModuleManager: Shutting down and abandoning module Toolbox (344)
[2017.05.14-05.50.20:420][242]LogModuleManager: Shutting down and abandoning module ModuleUI (342)
[2017.05.14-05.50.20:420][242]LogModuleManager: Shutting down and abandoning module MovieSceneTools (340)
[2017.05.14-05.50.20:421][242]LogModuleManager: Shutting down and abandoning module OutputLog (338)
[2017.05.14-05.50.20:421][242]LogModuleManager: Shutting down and abandoning module GammaUI (336)
[2017.05.14-05.50.20:421][242]LogModuleManager: Shutting down and abandoning module Documentation (334)
[2017.05.14-05.50.20:421][242]LogModuleManager: Shutting down and abandoning module Niagara (332)
[2017.05.14-05.50.20:421][242]LogModuleManager: Shutting down and abandoning module StreamingPauseRendering (330)
[2017.05.14-05.50.20:421][242]LogModuleManager: Shutting down and abandoning module AnalyticsET (328)
[2017.05.14-05.50.20:421][242]LogModuleManager: Shutting down and abandoning module PortalServices (326)
[2017.05.14-05.50.20:421][242]LogModuleManager: Shutting down and abandoning module PortalRpc (324)
[2017.05.14-05.50.20:421][242]LogModuleManager: Shutting down and abandoning module MessagingRpc (322)
[2017.05.14-05.50.20:421][242]LogModuleManager: Shutting down and abandoning module AIModule (320)
[2017.05.14-05.50.20:421][242]LogModuleManager: Shutting down and abandoning module GameplayDebugger (319)
[2017.05.14-05.50.20:421][242]LogModuleManager: Shutting down and abandoning module AITestSuite (317)
[2017.05.14-05.50.20:421][242]LogModuleManager: Shutting down and abandoning module ProfilerService (314)
[2017.05.14-05.50.20:614][242]LogModuleManager: Shutting down and abandoning module TaskGraph (312)
[2017.05.14-05.50.20:614][242]LogModuleManager: Shutting down and abandoning module SubstanceEditor (310)
[2017.05.14-05.50.20:614][242]LogModuleManager: Shutting down and abandoning module SteamVRController (308)
[2017.05.14-05.50.20:614][242]LogModuleManager: Shutting down and abandoning module SteamVR (306)
[2017.05.14-05.50.20:614][242]LogModuleManager: Shutting down and abandoning module ProceduralMeshComponentEditor (304)
[2017.05.14-05.50.20:614][242]LogModuleManager: Shutting down and abandoning module ProceduralMeshComponent (302)
[2017.05.14-05.50.20:614][242]LogModuleManager: Shutting down and abandoning module OculusLibrary (300)
[2017.05.14-05.50.20:614][242]LogModuleManager: Shutting down and abandoning module OculusInput (298)
[2017.05.14-05.50.20:614][242]LogModuleManager: Shutting down and abandoning module MobilePatchingUtils (296)
[2017.05.14-05.50.20:614][242]LogModuleManager: Shutting down and abandoning module CustomMeshComponent (294)
[2017.05.14-05.50.20:614][242]LogModuleManager: Shutting down and abandoning module CableComponent (292)
[2017.05.14-05.50.20:614][242]LogModuleManager: Shutting down and abandoning module ArchVisCharacter (290)
[2017.05.14-05.50.20:614][242]LogModuleManager: Shutting down and abandoning module MediaPlayerEditor (286)
[2017.05.14-05.50.20:614][242]LogModuleManager: Shutting down and abandoning module LowEntryExtendedStandardLibraryEditor (284)
[2017.05.14-05.50.20:614][242]LogModuleManager: Shutting down and abandoning module HTML5Networking (282)
[2017.05.14-05.50.20:614][242]LogModuleManager: Shutting down and abandoning module AlembicImporter (280)
[2017.05.14-05.50.20:614][242]LogModuleManager: Shutting down and abandoning module AlembicLibrary (279)
[2017.05.14-05.50.20:614][242]LogModuleManager: Shutting down and abandoning module GeometryCache (278)
[2017.05.14-05.50.20:614][242]LogModuleManager: Shutting down and abandoning module GeometryCacheEd (277)
[2017.05.14-05.50.20:614][242]LogModuleManager: Shutting down and abandoning module SuperSearchEditor (272)
[2017.05.14-05.50.20:614][242]LogModuleManager: Shutting down and abandoning module SuperSearch (271)
[2017.05.14-05.50.20:614][242]LogModuleManager: Shutting down and abandoning module SpeedTreeImporter (268)
[2017.05.14-05.50.20:614][242]LogModuleManager: Shutting down and abandoning module PluginBrowser (266)
[2017.05.14-05.50.20:615][242]LogModuleManager: Shutting down and abandoning module MobileLauncherProfileWizard (264)
[2017.05.14-05.50.20:615][242]LogModuleManager: Shutting down and abandoning module EpicSurvey (262)
[2017.05.14-05.50.20:615][242]LogModuleManager: Shutting down and abandoning module VisualStudioSourceCodeAccess (260)
[2017.05.14-05.50.20:615][242]LogModuleManager: Shutting down and abandoning module DesktopPlatform (259)
[2017.05.14-05.50.20:615][242]LogModuleManager: Shutting down and abandoning module UObjectPlugin (256)
[2017.05.14-05.50.20:615][242]LogModuleManager: Shutting down and abandoning module SubversionSourceControl (254)
[2017.05.14-05.50.20:615][242]LogModuleManager: Shutting down and abandoning module PerforceSourceControl (252)
[2017.05.14-05.50.20:615][242]LogModuleManager: Shutting down and abandoning module GitSourceControl (250)
[2017.05.14-05.50.20:615][242]LogModuleManager: Shutting down and abandoning module SourceControl (249)
[2017.05.14-05.50.20:615][242]LogModuleManager: Shutting down and abandoning module LightPropagationVolumeEditor (246)
[2017.05.14-05.50.20:615][242]LogModuleManager: Shutting down and abandoning module PaperTiledImporter (244)
[2017.05.14-05.50.20:615][242]LogModuleManager: Shutting down and abandoning module PaperSpriteSheetImporter (242)
[2017.05.14-05.50.20:615][242]LogModuleManager: Shutting down and abandoning module Paper2DEditor (240)
[2017.05.14-05.50.20:615][242]LogModuleManager: Shutting down and abandoning module MeshPaint (239)
[2017.05.14-05.50.20:615][242]LogModuleManager: Shutting down and abandoning module LevelEditor (237)
[2017.05.14-05.50.20:616][242]LogModuleManager: Shutting down and abandoning module PixelInspectorModule (236)
[2017.05.14-05.50.20:616][242]LogModuleManager: Shutting down and abandoning module MainFrame (234)
[2017.05.14-05.50.20:616][242]LogModuleManager: Shutting down and abandoning module HotReload (233)
[2017.05.14-05.50.20:617][242]LogModuleManager: Shutting down and abandoning module ContentBrowser (229)
[2017.05.14-05.50.20:619][242]LogModuleManager: Shutting down and abandoning module PhysXVehiclesEditor (226)
[2017.05.14-05.50.20:619][242]LogModuleManager: Shutting down and abandoning module PhysXVehicles (224)
[2017.05.14-05.50.20:619][242]LogModuleManager: Shutting down and abandoning module LocationServicesBPLibrary (222)
[2017.05.14-05.50.20:619][242]LogModuleManager: Shutting down and abandoning module UdpMessaging (220)
[2017.05.14-05.50.20:719][242]LogModuleManager: Shutting down and abandoning module TcpMessaging (218)
[2017.05.14-05.50.20:819][242]LogModuleManager: Shutting down and abandoning module SubstanceCore (216)
[2017.05.14-05.50.20:819][242]LogModuleManager: Shutting down and abandoning module LowEntryExtendedStandardLibrary (214)
[2017.05.14-05.50.20:819][242]LogModuleManager: Shutting down and abandoning module GameplayTagsEditor (212)
[2017.05.14-05.50.20:819][242]LogModuleManager: Shutting down and abandoning module FacialAnimationEditor (210)
[2017.05.14-05.50.20:819][242]LogModuleManager: Shutting down and abandoning module FacialAnimation (208)
[2017.05.14-05.50.20:819][242]LogModuleManager: Shutting down and abandoning module LightPropagationVolumeRuntime (206)
[2017.05.14-05.50.20:819][242]LogModuleManager: Shutting down and abandoning module Paper2D (204)
[2017.05.14-05.50.20:819][242]LogModuleManager: Shutting down and abandoning module WindowsMoviePlayer (202)
[2017.05.14-05.50.20:819][242]LogModuleManager: Shutting down and abandoning module WmfMedia (200)
[2017.05.14-05.50.20:819][242]LogModuleManager: Shutting down and abandoning module MfMedia (198)
[2017.05.14-05.50.20:819][242]LogModuleManager: Shutting down and abandoning module MediaAssets (196)
[2017.05.14-05.50.20:819][242]LogModuleManager: Shutting down and abandoning module GameLiveStreaming (194)
[2017.05.14-05.50.20:819][242]LogModuleManager: Shutting down and abandoning module VREditor (192)
[2017.05.14-05.50.20:819][242]LogModuleManager: Shutting down and abandoning module GameplayTasksEditor (190)
[2017.05.14-05.50.20:819][242]LogModuleManager: Shutting down and abandoning module BehaviorTreeEditor (188)
[2017.05.14-05.50.20:819][242]LogModuleManager: Shutting down and abandoning module FunctionalTesting (186)
[2017.05.14-05.50.20:819][242]LogModuleManager: Shutting down and abandoning module CollisionAnalyzer (184)
[2017.05.14-05.50.20:820][242]LogModuleManager: Shutting down and abandoning module UMG (182)
[2017.05.14-05.50.20:820][242]LogModuleManager: Shutting down and abandoning module UMGEditor (181)
[2017.05.14-05.50.20:820][242]LogModuleManager: Shutting down and abandoning module Sequencer (180)
[2017.05.14-05.50.20:820][242]LogModuleManager: Shutting down and abandoning module AssetTools (178)
[2017.05.14-05.50.20:820][242]LogModuleManager: Shutting down and abandoning module MessageLog (177)
[2017.05.14-05.50.20:820][242]LogModuleManager: Shutting down and abandoning module WorkspaceMenuStructure (176)
[2017.05.14-05.50.20:820][242]LogModuleManager: Shutting down and abandoning module SlateReflector (170)
[2017.05.14-05.50.20:820][242]LogModuleManager: Shutting down and abandoning module Slate (168)
[2017.05.14-05.50.20:820][242]LogModuleManager: Shutting down and abandoning module EditorStyle (166)
[2017.05.14-05.50.20:822][242]LogModuleManager: Shutting down and abandoning module SourceCodeAccess (164)
[2017.05.14-05.50.20:822][242]LogModuleManager: Shutting down and abandoning module HeadMountedDisplay (162)
[2017.05.14-05.50.20:822][242]LogModuleManager: Shutting down and abandoning module XAudio2 (160)
[2017.05.14-05.50.20:822][242]LogModuleManager: Shutting down and abandoning module Networking (158)
[2017.05.14-05.50.20:822][242]LogModuleManager: Shutting down and abandoning module Core (154)
[2017.05.14-05.50.20:822][242]LogModuleManager: Shutting down and abandoning module AssetRegistry (152)
[2017.05.14-05.50.21:051][242]LogDirectoryWatcher: A directory notification for '../../../Engine/Content/' was aborted.
[2017.05.14-05.50.21:051][242]LogDirectoryWatcher: A directory notification for '../../../../../GitHub/Projects/Unreal/Unreal Projects/MyProject/Content/' was aborted.
[2017.05.14-05.50.21:051][242]LogDirectoryWatcher: A directory notification for '../../../Engine/Plugins/2D/Paper2D/Content/' was aborted.
[2017.05.14-05.50.21:051][242]LogDirectoryWatcher: A directory notification for '../../../Engine/Plugins/Marketplace/LowEntryExtStdLib/Content/' was aborted.
[2017.05.14-05.50.21:052][242]LogModuleManager: Shutting down and abandoning module DirectoryWatcher (151)
[2017.05.14-05.50.21:056][242]LogModuleManager: Shutting down and abandoning module KismetCompiler (148)
[2017.05.14-05.50.21:056][242]LogModuleManager: Shutting down and abandoning module PhysXFormats (146)
[2017.05.14-05.50.21:056][242]LogModuleManager: Shutting down and abandoning module MeshUtilities (144)
[2017.05.14-05.50.21:056][242]LogModuleManager: Shutting down and abandoning module SimplygonSwarm (143)
[2017.05.14-05.50.21:056][242]LogModuleManager: Shutting down and abandoning module SimplygonMeshReduction (141)
[2017.05.14-05.50.21:056][242]LogModuleManager: Shutting down and abandoning module QuadricMeshReduction (139)
[2017.05.14-05.50.21:056][242]LogModuleManager: Shutting down and abandoning module PropertyEditor (137)
[2017.05.14-05.50.21:056][242]LogModuleManager: Shutting down and abandoning module DerivedDataCache (134)
[2017.05.14-05.50.21:147][242]LogDerivedDataCache: Shutdown
[2017.05.14-05.50.21:147][242]LogModuleManager: Shutting down and abandoning module TargetPlatform (132)
[2017.05.14-05.50.21:147][242]LogModuleManager: Shutting down and abandoning module VulkanShaderFormat (131)
[2017.05.14-05.50.21:147][242]LogModuleManager: Shutting down and abandoning module ShaderFormatOpenGL (129)
[2017.05.14-05.50.21:147][242]LogModuleManager: Shutting down and abandoning module ShaderFormatD3D (127)
[2017.05.14-05.50.21:147][242]LogModuleManager: Shutting down and abandoning module MetalShaderFormat (125)
[2017.05.14-05.50.21:147][242]LogModuleManager: Shutting down and abandoning module TextureFormatUncompressed (123)
[2017.05.14-05.50.21:147][242]LogModuleManager: Shutting down and abandoning module TextureFormatPVR (121)
[2017.05.14-05.50.21:147][242]LogModuleManager: Shutting down and abandoning module TextureFormatDXT (119)
[2017.05.14-05.50.21:147][242]LogModuleManager: Shutting down and abandoning module TextureFormatIntelISPCTexComp (117)
[2017.05.14-05.50.21:147][242]LogModuleManager: Shutting down and abandoning module TextureFormatASTC (115)
[2017.05.14-05.50.21:147][242]LogModuleManager: Shutting down and abandoning module ImageWrapper (114)
[2017.05.14-05.50.21:147][242]LogModuleManager: Shutting down and abandoning module TextureFormatAndroid (111)
[2017.05.14-05.50.21:147][242]LogModuleManager: Shutting down and abandoning module AudioFormatOpus (109)
[2017.05.14-05.50.21:147][242]LogModuleManager: Shutting down and abandoning module AudioFormatOgg (107)
[2017.05.14-05.50.21:147][242]LogModuleManager: Shutting down and abandoning module AudioFormatADPCM (105)
[2017.05.14-05.50.21:147][242]LogModuleManager: Shutting down and abandoning module LinuxTargetPlatform (103)
[2017.05.14-05.50.21:147][242]LogModuleManager: Shutting down and abandoning module LinuxServerTargetPlatform (101)
[2017.05.14-05.50.21:147][242]LogModuleManager: Shutting down and abandoning module LinuxNoEditorTargetPlatform (99)
[2017.05.14-05.50.21:147][242]LogModuleManager: Shutting down and abandoning module LinuxClientTargetPlatform (97)
[2017.05.14-05.50.21:147][242]LogModuleManager: Shutting down and abandoning module TVOSTargetPlatform (95)
[2017.05.14-05.50.21:147][242]LogModuleManager: Shutting down and abandoning module Messaging (93)
[2017.05.14-05.50.21:147][242]LogModuleManager: Shutting down and abandoning module IOSTargetPlatform (91)
[2017.05.14-05.50.21:147][242]LogModuleManager: Shutting down and abandoning module HTML5TargetPlatform (89)
[2017.05.14-05.50.21:147][242]LogModuleManager: Shutting down and abandoning module Android_PVRTCTargetPlatform (87)
[2017.05.14-05.50.21:147][242]LogModuleManager: Shutting down and abandoning module Android_MultiTargetPlatform (85)
[2017.05.14-05.50.21:147][242]LogModuleManager: Shutting down and abandoning module Android_ETC2TargetPlatform (83)
[2017.05.14-05.50.21:147][242]LogModuleManager: Shutting down and abandoning module Android_ETC1TargetPlatform (81)
[2017.05.14-05.50.21:147][242]LogModuleManager: Shutting down and abandoning module Android_DXTTargetPlatform (79)
[2017.05.14-05.50.21:147][242]LogModuleManager: Shutting down and abandoning module Android_ATCTargetPlatform (77)
[2017.05.14-05.50.21:147][242]LogModuleManager: Shutting down and abandoning module Android_ASTCTargetPlatform (75)
[2017.05.14-05.50.21:147][242]LogModuleManager: Shutting down and abandoning module AndroidTargetPlatform (73)
[2017.05.14-05.50.21:147][242]LogModuleManager: Shutting down and abandoning module WindowsTargetPlatform (71)
[2017.05.14-05.50.21:147][242]LogModuleManager: Shutting down and abandoning module WindowsServerTargetPlatform (69)
[2017.05.14-05.50.21:148][242]LogModuleManager: Shutting down and abandoning module WindowsNoEditorTargetPlatform (67)
[2017.05.14-05.50.21:148][242]LogModuleManager: Shutting down and abandoning module WindowsClientTargetPlatform (65)
[2017.05.14-05.50.21:148][242]LogModuleManager: Shutting down and abandoning module MacTargetPlatform (63)
[2017.05.14-05.50.21:148][242]LogModuleManager: Shutting down and abandoning module MacServerTargetPlatform (61)
[2017.05.14-05.50.21:148][242]LogModuleManager: Shutting down and abandoning module MacNoEditorTargetPlatform (59)
[2017.05.14-05.50.21:148][242]LogModuleManager: Shutting down and abandoning module MacClientTargetPlatform (57)
[2017.05.14-05.50.21:148][242]LogModuleManager: Shutting down and abandoning module AllDesktopTargetPlatform (55)
[2017.05.14-05.50.21:148][242]LogModuleManager: Shutting down and abandoning module InputCore (52)
[2017.05.14-05.50.21:148][242]LogModuleManager: Shutting down and abandoning module Settings (50)
[2017.05.14-05.50.21:148][242]LogModuleManager: Shutting down and abandoning module OculusRift (48)
[2017.05.14-05.50.21:148][242]LogModuleManager: Shutting down and abandoning module GearVR (46)
[2017.05.14-05.50.21:148][242]LogModuleManager: Shutting down and abandoning module ExampleDeviceProfileSelector (44)
[2017.05.14-05.50.21:148][242]LogModuleManager: Shutting down and abandoning module OnlineBlueprintSupport (42)
[2017.05.14-05.50.21:148][242]LogModuleManager: Shutting down and abandoning module OnlineSubsystem (38)
[2017.05.14-05.50.21:148][242]LogOnline:Display: Unloading online subsystem: NULL
[2017.05.14-05.50.21:148][242]LogModuleManager: Shutting down and abandoning module XMPP (37)
[2017.05.14-05.50.21:148][242]LogModuleManager: Shutting down and abandoning module HTTP (35)
[2017.05.14-05.50.21:148][242]LogHttp:Display: Http module shutting down, but needs to wait on 1 outstanding Http requests:
[2017.05.14-05.50.21:148][242]LogHttp:Display: 	verb=[POST] url=[https://datarouter.ol.epicgames.com/datarouter/api/v1/public/data?SessionID=%7BCD45B0ED-450F-732A-138F-F7A5C855F164%7D&AppID=UEEditor.Rocket.Release&AppVersion=4.15.2-3416026%2B%2B%2BUE4%2BRelease-4.15&UserID=2493a7804bace3c0f6a0a1b862647e67%7C8e1648d822704cb2bcf9a0a79fc0a455%7Ca61de1b0-4be3-4cd5-a5da-fa0ac5ca6982&AppEnvironment=datacollector-binary&UploadType=eteventstream] status=Processing
[2017.05.14-05.50.21:180][242]LogModuleManager: Shutting down and abandoning module SSL (34)
[2017.05.14-05.50.21:181][242]LogModuleManager: Shutting down and abandoning module AudioEditor (30)
[2017.05.14-05.50.21:181][242]LogModuleManager: Shutting down and abandoning module TextureCompressor (28)
[2017.05.14-05.50.21:182][242]LogModuleManager: Shutting down and abandoning module ShaderCore (26)
[2017.05.14-05.50.21:183][242]LogModuleManager: Shutting down and abandoning module Landscape (24)
[2017.05.14-05.50.21:183][242]LogModuleManager: Shutting down and abandoning module SlateRHIRenderer (22)
[2017.05.14-05.50.21:187][242]LogModuleManager: Shutting down and abandoning module OpenGLDrv (20)
[2017.05.14-05.50.21:187][242]LogModuleManager: Shutting down and abandoning module D3D11RHI (18)
[2017.05.14-05.50.21:187][242]LogModuleManager: Shutting down and abandoning module AnimGraphRuntime (16)
[2017.05.14-05.50.21:187][242]LogModuleManager: Shutting down and abandoning module Renderer (14)
[2017.05.14-05.50.21:187][242]LogModuleManager: Shutting down and abandoning module Engine (12)
[2017.05.14-05.50.21:187][242]LogModuleManager: Shutting down and abandoning module CoreUObject (10)
[2017.05.14-05.50.21:187][242]LogModuleManager: Shutting down and abandoning module NetworkFile (8)
[2017.05.14-05.50.21:187][242]LogModuleManager: Shutting down and abandoning module StreamingFile (6)
[2017.05.14-05.50.21:187][242]LogModuleManager: Shutting down and abandoning module SandboxFile (4)
[2017.05.14-05.50.21:187][242]LogModuleManager: Shutting down and abandoning module PakFile (2)
[2017.05.14-05.50.21:189][242]LogExit: Exiting.
[2017.05.14-05.50.21:198][242]Log file closed, 05/14/17 01:50:21
