Log file open, 05/07/17 16:58:53
LogInit:Display: Running engine for game: MyProject
LogPlatformFile: Not using cached read wrapper
LogInit:Display: RandInit(-937427723) SRandInit(-937427723).
LogTaskGraph: Started task graph with 5 named threads and 8 total threads with 1 sets of task threads.
LogStats: Stats thread started at 0.161329
LogInit: Using libcurl 7.47.1
LogInit:  - built for x86_64-pc-win32
LogInit:  - supports SSL with OpenSSL/1.0.2g
LogInit:  - supports HTTP deflate (compression) using libz 1.2.8
LogInit:  - other features:
LogInit:      CURL_VERSION_SSL
LogInit:      CURL_VERSION_LIBZ
LogInit:      CURL_VERSION_IPV6
LogInit:      CURL_VERSION_ASYNCHDNS
LogInit:      CURL_VERSION_LARGEFILE
LogInit:      CURL_VERSION_IDN
LogInit:  CurlRequestOptions (configurable via config and command line):
LogInit:  - bVerifyPeer = false  - Libcurl will NOT verify peer certificate
LogInit:  - bUseHttpProxy = false  - Libcurl will NOT use HTTP proxy
LogInit:  - bDontReuseConnections = false  - Libcurl will reuse connections
LogInit:  - CertBundlePath = nullptr  - Libcurl will use whatever was configured at build time.
LogInit: Build: ++UE4+Release-4.15-CL-3416026
LogInit: Engine Version: 4.15.2-3416026+++UE4+Release-4.15
LogInit: Compatible Engine Version: 4.15.0-3299760+++UE4+Release-4.15
LogInit: Net CL: 3299760
LogDevObjectVersion: Number of dev versions registered: 14
LogDevObjectVersion:   Dev-Blueprints (B0D832E4-1F89-4F0D-ACCF-7EB736FD4AA2): 8
LogDevObjectVersion:   Dev-Build (E1C64328-A22C-4D53-A36C-8E866417BD8C): 0
LogDevObjectVersion:   Dev-Core (375EC13C-06E4-48FB-B500-84F0262A717E): 2
LogDevObjectVersion:   Dev-Editor (E4B068ED-F494-42E9-A231-DA0B2E46BB41): 14
LogDevObjectVersion:   Dev-Framework (CFFC743F-43B0-4480-9391-14DF171D2073): 22
LogDevObjectVersion:   Dev-Mobile (B02B49B5-BB20-44E9-A304-32B752E40360): 0
LogDevObjectVersion:   Dev-Networking (A4E4105C-59A1-49B5-A7C5-40C4547EDFEE): 0
LogDevObjectVersion:   Dev-Online (39C831C9-5AE6-47DC-9A44-9C173E1C8E7C): 0
LogDevObjectVersion:   Dev-Physics (78F01B33-EBEA-4F98-B9B4-84EACCB95AA2): 0
LogDevObjectVersion:   Dev-Platform (6631380F-2D4D-43E0-8009-CF276956A95A): 0
LogDevObjectVersion:   Dev-Rendering (12F88B9F-8875-4AFC-A67C-D90C383ABD29): 12
LogDevObjectVersion:   Dev-Sequencer (7B5AE74C-D270-4C10-A958-57980B212A5A): 3
LogDevObjectVersion:   Dev-VR (D7296918-1DD6-4BDD-9DE2-64A83CC13884): 0
LogDevObjectVersion:   Dev-LoadTimes (C2A15278-BFE7-4AFE-6C17-90FF531DF755): 1
LogInit: Compiled (64-bit): May  1 2017 13:11:28
LogInit: Compiled with Visual C++: 19.00.23026.00
LogInit: Build Configuration: Development
LogInit: Branch Name: ++UE4+Release-4.15
LogInit: Command line: -EpicPortal 
LogInit: Base directory: D:/Epic Games/UE_4.15/Engine/Binaries/Win64/
LogInit: Installed Engine Build: 1
LogInit: Presizing for max 8388607 objects, including 0 objects not considered by GC, pre-allocating 0 bytes for permanent pool.
LogInit: Object subsystem initialized
[2017.05.07-20.58.55:457][  0]LogInit: Selected Device Profile: [Windows]
[2017.05.07-20.58.55:457][  0]LogInit: Applying CVar settings loaded from the selected device profile: [Windows]
[2017.05.07-20.58.55:581][  0]LogInit: Computer: NANO
[2017.05.07-20.58.55:581][  0]LogInit: User: zehro
[2017.05.07-20.58.55:581][  0]LogInit: CPU Page size=65536, Cores=4
[2017.05.07-20.58.55:581][  0]LogInit: High frequency timer resolution =3.320340 MHz
[2017.05.07-20.58.55:581][  0]LogMemory: Memory total: Physical=7.9GB (8GB approx)
[2017.05.07-20.58.55:581][  0]LogMemory: Platform Memory Stats for Windows
[2017.05.07-20.58.55:581][  0]LogMemory: Process Physical Memory: 261.65 MB used, 261.65 MB peak
[2017.05.07-20.58.55:581][  0]LogMemory: Process Virtual Memory: 262.44 MB used, 262.44 MB peak
[2017.05.07-20.58.55:581][  0]LogMemory: Physical Memory: 6783.96 MB used,  1293.84 MB free, 8077.80 MB total
[2017.05.07-20.58.55:581][  0]LogMemory: Virtual Memory: 645.46 MB used,  1293.84 MB free, 134217728.00 MB total
[2017.05.07-20.58.56:308][  0]LogTextLocalizationManager: No specific translations for ('en-US') exist, so ('en') translations will be used.
[2017.05.07-20.59.08:560][  0]LogD3D11RHI: D3D11 adapters:
[2017.05.07-20.59.09:093][  0]LogD3D11RHI:    0. 'NVIDIA GeForce GTX 980' (Feature Level 11_0)
[2017.05.07-20.59.09:093][  0]LogD3D11RHI:       4060/0/4038 MB DedicatedVideo/DedicatedSystem/SharedSystem, Outputs:2, VendorId:0x10de
[2017.05.07-20.59.09:126][  0]LogD3D11RHI:    1. 'Intel(R) HD Graphics 4000' (Feature Level 11_0)
[2017.05.07-20.59.09:127][  0]LogD3D11RHI:       32/0/1760 MB DedicatedVideo/DedicatedSystem/SharedSystem, Outputs:0, VendorId:0x8086
[2017.05.07-20.59.09:129][  0]LogD3D11RHI:    2. 'Microsoft Basic Render Driver' (Feature Level 11_0)
[2017.05.07-20.59.09:129][  0]LogD3D11RHI:       0/0/4038 MB DedicatedVideo/DedicatedSystem/SharedSystem, Outputs:0, VendorId:0x1414
[2017.05.07-20.59.09:129][  0]LogD3D11RHI: Chosen D3D11 Adapter: 0
[2017.05.07-20.59.09:134][  0]LogD3D11RHI: Creating new Direct3DDevice
[2017.05.07-20.59.09:134][  0]LogD3D11RHI:     GPU DeviceId: 0x13c0 (for the marketing name, search the web for "GPU Device Id")
[2017.05.07-20.59.09:134][  0]LogWindows: EnumDisplayDevices:
[2017.05.07-20.59.09:134][  0]LogWindows:    0. 'NVIDIA GeForce GTX 980' (P:0 D:1)
[2017.05.07-20.59.09:134][  0]LogWindows:    1. 'NVIDIA GeForce GTX 980' (P:1 D:1)
[2017.05.07-20.59.09:134][  0]LogWindows:    2. 'NVIDIA GeForce GTX 980' (P:0 D:0)
[2017.05.07-20.59.09:134][  0]LogWindows:    3. 'NVIDIA GeForce GTX 980' (P:0 D:0)
[2017.05.07-20.59.09:134][  0]LogWindows:    4. 'Intel(R) HD Graphics 4000' (P:0 D:0)
[2017.05.07-20.59.09:134][  0]LogWindows:    5. 'Intel(R) HD Graphics 4000' (P:0 D:0)
[2017.05.07-20.59.09:135][  0]LogWindows:    6. 'Intel(R) HD Graphics 4000' (P:0 D:0)
[2017.05.07-20.59.09:135][  0]LogWindows: DebugString: PrimaryIsNotTheChoosenAdapter PrimaryIsNotTheChoosenAdapter PrimaryIsNotTheChoosenAdapter FoundDriverCount:4 
[2017.05.07-20.59.09:135][  0]LogD3D11RHI:     Adapter Name: NVIDIA GeForce GTX 980
[2017.05.07-20.59.09:135][  0]LogD3D11RHI:   Driver Version: 382.05 (internal:22.21.13.8205, unified:382.05)
[2017.05.07-20.59.09:135][  0]LogD3D11RHI:      Driver Date: 5-1-2017
[2017.05.07-20.59.09:135][  0]LogRHI: Texture pool is 1361 MB (70% of 1945 MB)
[2017.05.07-20.59.09:645][  0]LogD3D11RHI: [Aftermath] Aftermath enabled and primed
[2017.05.07-20.59.09:645][  0]LogD3D11RHI: Async texture creation enabled
[2017.05.07-20.59.09:689][  0]LogD3D11RHI: GPU Timing Frequency: 1000.000000 (Debug: 2 1)
[2017.05.07-20.59.09:691][  0]LogShaderCompilers: Guid format shader working directory is -18 characters bigger than the processId version (../../../../../GitHub/Projects/Unreal/Unreal Projects/MyProject/Intermediate/Shaders/WorkingDirectory/12804/).
[2017.05.07-20.59.09:692][  0]LogShaderCompilers: Cleaned the shader compiler working directory 'C:/Users/zehro/AppData/Local/Temp/UnrealShaderWorkingDir/59FDDE874EB20E101A8262A0AD69DBA4/'.
[2017.05.07-20.59.09:692][  0]LogShaderCompilers:Display: Using Local Shader Compiler.
[2017.05.07-20.59.12:912][  0]LogTemp:Display: Loaded TP AllDesktopTargetPlatform
[2017.05.07-20.59.12:970][  0]LogTemp:Display: Loaded TP MacClientTargetPlatform
[2017.05.07-20.59.13:026][  0]LogTemp:Display: Loaded TP MacNoEditorTargetPlatform
[2017.05.07-20.59.13:092][  0]LogTemp:Display: Loaded TP MacServerTargetPlatform
[2017.05.07-20.59.13:199][  0]LogTemp:Display: Loaded TP MacTargetPlatform
[2017.05.07-20.59.13:258][  0]LogTemp:Display: Loaded TP WindowsClientTargetPlatform
[2017.05.07-20.59.13:319][  0]LogTemp:Display: Loaded TP WindowsNoEditorTargetPlatform
[2017.05.07-20.59.13:376][  0]LogTemp:Display: Loaded TP WindowsServerTargetPlatform
[2017.05.07-20.59.13:420][  0]LogTemp:Display: Loaded TP WindowsTargetPlatform
[2017.05.07-20.59.13:493][  0]LogTemp:Display: Loaded TP AndroidTargetPlatform
[2017.05.07-20.59.13:548][  0]LogTemp:Display: Loaded TP Android_ASTCTargetPlatform
[2017.05.07-20.59.13:604][  0]LogTemp:Display: Loaded TP Android_ATCTargetPlatform
[2017.05.07-20.59.13:660][  0]LogTemp:Display: Loaded TP Android_DXTTargetPlatform
[2017.05.07-20.59.13:715][  0]LogTemp:Display: Loaded TP Android_ETC1TargetPlatform
[2017.05.07-20.59.13:772][  0]LogTemp:Display: Loaded TP Android_ETC2TargetPlatform
[2017.05.07-20.59.13:882][  0]LogTemp:Display: Loaded TP Android_MultiTargetPlatform
[2017.05.07-20.59.13:882][  0]LogTemp:Display: Loaded TP Android_PVRTCTargetPlatform
[2017.05.07-20.59.13:920][  0]LogTemp:Display: Loaded TP HTML5TargetPlatform
[2017.05.07-20.59.14:075][  0]LogTemp:Display: Loaded TP IOSTargetPlatform
[2017.05.07-20.59.14:111][  0]LogTemp:Display: Loaded TP TVOSTargetPlatform
[2017.05.07-20.59.14:175][  0]LogTemp:Display: Loaded TP LinuxClientTargetPlatform
[2017.05.07-20.59.14:231][  0]LogTemp:Display: Loaded TP LinuxNoEditorTargetPlatform
[2017.05.07-20.59.14:293][  0]LogTemp:Display: Loaded TP LinuxServerTargetPlatform
[2017.05.07-20.59.14:375][  0]LogTemp:Display: Loaded TP LinuxTargetPlatform
[2017.05.07-20.59.14:375][  0]LogTargetPlatformManager:Display: Building Assets For Windows
[2017.05.07-20.59.15:410][  0]LogDerivedDataCache:Display: Max Cache Size: 512 MB
[2017.05.07-20.59.15:628][  0]LogDerivedDataCache: Loaded boot cache 0.22s 50MB C:/Users/zehro/AppData/Local/UnrealEngine/4.15/DerivedDataCache/Boot.ddc.
[2017.05.07-20.59.15:628][  0]LogDerivedDataCache:Display: Loaded Boot cache: C:/Users/zehro/AppData/Local/UnrealEngine/4.15/DerivedDataCache/Boot.ddc
[2017.05.07-20.59.15:629][  0]LogDerivedDataCache: FDerivedDataBackendGraph:  Pak pak cache file ../../../../../GitHub/Projects/Unreal/Unreal Projects/MyProject/DerivedDataCache/DDC.ddp not found, will not use a pak cache.
[2017.05.07-20.59.15:629][  0]LogDerivedDataCache: Unable to find inner node Pak for hierarchical cache Hierarchy.
[2017.05.07-20.59.15:629][  0]LogDerivedDataCache: FDerivedDataBackendGraph:  CompressedPak pak cache file ../../../../../GitHub/Projects/Unreal/Unreal Projects/MyProject/DerivedDataCache/Compressed.ddp not found, will not use a pak cache.
[2017.05.07-20.59.15:629][  0]LogDerivedDataCache: Unable to find inner node CompressedPak for hierarchical cache Hierarchy.
[2017.05.07-20.59.15:664][  0]LogDerivedDataCache:Display: Pak cache opened for reading ../../../Engine/DerivedDataCache/Compressed.ddp.
[2017.05.07-20.59.15:676][  0]LogDerivedDataCache: Using Local data cache path C:/Users/zehro/AppData/Local/UnrealEngine/Common/DerivedDataCache: Writable
[2017.05.07-20.59.15:687][  0]LogSlate: Using Freetype 2.6.0
[2017.05.07-20.59.15:726][  0]LogSlate: SlateFontCache - WITH_FREETYPE: 1, WITH_HARFBUZZ: 1
[2017.05.07-20.59.15:726][  0]LogSlate: SlateFontCache - WITH_FREETYPE: 1, WITH_HARFBUZZ: 1
[2017.05.07-20.59.23:612][  0]LogInit: Selected Device Profile: [Windows]
[2017.05.07-20.59.23:615][  0]LogContentStreaming: Texture pool size is 0.00 MB
[2017.05.07-20.59.23:889][  0]LogMeshUtilities: Using QuadricMeshReduction for automatic static mesh reduction
[2017.05.07-20.59.23:983][  0]LogSimplygon: Simplygon DLL not present - disabling.
[2017.05.07-20.59.24:072][  0]LogMeshUtilities: Using SimplygonSwarm for distributed automatic mesh merging
[2017.05.07-20.59.24:072][  0]LogMeshUtilities: No automatic skeletal mesh reduction module available
[2017.05.07-20.59.24:072][  0]LogMeshUtilities: No automatic mesh merging module available
[2017.05.07-20.59.24:808][  0]LogNetVersion: GetLocalNetworkVersion: CL: 3299760, ProjectName: myproject, ProjectVersion: , EngineNetworkVersion: 2, GameNetworkVersion: 0, NetworkChecksum: 4136520461
[2017.05.07-20.59.24:895][  0]LogAssetRegistry: FAssetRegistry took 0.0213 seconds to start up
[2017.05.07-20.59.24:983][  0]LogPackageLocalizationCache: Processed 4 localized package path(s) for 2 prioritized culture(s) in 0.039094 seconds
[2017.05.07-20.59.24:989][  0]LogUObjectArray: 32493 objects as part of root set at end of initial load.
[2017.05.07-20.59.24:989][  0]LogUObjectAllocator: 7077024 out of 0 bytes used by permanent object pool.
[2017.05.07-20.59.24:989][  0]LogUObjectArray: CloseDisregardForGC: 0/0 objects in disregard for GC pool
[2017.05.07-20.59.25:046][  0]LogInit: WinSock: version 1.1 (2.2), MaxSocks=32767, MaxUdp=65467
[2017.05.07-20.59.53:478][  0]LogSubstanceCoreModule: Substance [CPU] Engine Loaded, Max Texture Size = 2048
[2017.05.07-20.59.53:546][  0]LogTcpMessaging: Initializing TcpMessaging bridge
[2017.05.07-20.59.53:599][  0]LogUdpMessaging: Initializing bridge on interface 0.0.0.0:0 to multicast group 230.0.0.1:6666.
[2017.05.07-20.59.54:639][  0]LogMaterial: Uniform references updated for custom material expression Custom.
[2017.05.07-20.59.55:088][  0]SourceControl: Info Source control is disabled
[2017.05.07-20.59.55:089][  0]SourceControl: Info Source control is disabled
[2017.05.07-20.59.55:168][  0]SourceControl: Info Source control is disabled
[2017.05.07-20.59.55:251][  0]SourceControl: Info Source control is disabled
[2017.05.07-20.59.57:508][  0]LogEngine: Initializing Engine...
[2017.05.07-20.59.57:742][  0]LogHMD: Failed to initialize OpenVR with code 108
[2017.05.07-20.59.57:858][  0]LogStats: UGameplayTagsManager::ConstructGameplayTagTree: Construct from data asset -  0.000 s
[2017.05.07-20.59.57:858][  0]LogStats: UGameplayTagsManager::ConstructGameplayTagTree: GameplayTagTreeChangedEvent.Broadcast -  0.000 s
[2017.05.07-20.59.58:010][  0]LogAIModule: Creating AISystem for world Untitled
[2017.05.07-20.59.58:027][  0]LogInit: XAudio2 using 'Speakers (High Definition Audio Device)' : 2 channels at 44.1 kHz using 16 bits per sample (channel mask 0x3)
[2017.05.07-20.59.58:039][  0]LogInit: FAudioDevice initialized.
[2017.05.07-20.59.58:066][  0]LogDerivedDataCache: Saved boot cache 0.03s 50MB C:/Users/zehro/AppData/Local/UnrealEngine/4.15/DerivedDataCache/Boot.ddc.
[2017.05.07-20.59.58:074][  0]LogInit: Texture streaming: Enabled
[2017.05.07-20.59.58:220][  0]LogEngineSessionManager: EngineSessionManager initialized
[2017.05.07-20.59.58:407][  0]LogInit: Transaction tracking system initialized
[2017.05.07-20.59.58:885][  0]BlueprintLog: New page: Editor Load
[2017.05.07-21.00.00:270][  0]LocalizationService: Info Localization service is disabled
[2017.05.07-21.00.01:302][  0]LogConsoleResponse:Display: 
[2017.05.07-21.00.02:227][  0]LogCook:Display: Max memory allowance for cook 16384mb min free memory 0mb
[2017.05.07-21.00.02:227][  0]LogCook:Display: Mobile HDR setting 1
[2017.05.07-21.00.02:480][  0]LogFileCache: Scanning file cache for directory 'D:/GitHub/Projects/Unreal/Unreal Projects/MyProject/Content/' took 0.02s
[2017.05.07-21.00.03:982][  0]SourceControl: Info Source control is disabled
[2017.05.07-21.00.03:982][  0]Cmd: MAP LOAD FILE="../../../../../GitHub/Projects/Unreal/Unreal Projects/MyProject/Content/ThirdPersonBP/Maps/ThirdPersonExampleMap.umap" TEMPLATE=0 SHOWPROGRESS=1 FEATURELEVEL=3
[2017.05.07-21.00.03:983][  0]LightingResults: New page: Lighting Build
[2017.05.07-21.00.04:020][  0]MapCheck: New page: Map Check
[2017.05.07-21.00.04:020][  0]LightingResults: New page: Lighting Build
[2017.05.07-21.00.04:498][  0]LogAIModule: Creating AISystem for world ThirdPersonExampleMap
[2017.05.07-21.00.04:527][  0]LogEditorServer: Finished looking for orphan Actors (0.000 secs)
[2017.05.07-21.00.04:527][  0]Cmd: MAP CHECKDEP NOCLEARLOG
[2017.05.07-21.00.04:583][  0]MapCheck: Info Map check complete: 0 Error(s), 0 Warning(s), took 55.44ms to complete.
[2017.05.07-21.00.04:583][  0]LogFileHelpers: Loading map 'ThirdPersonExampleMap' took 0.600
[2017.05.07-21.00.04:776][  0]LogCollectionManager: Loaded 0 collections in 0.001462 seconds
[2017.05.07-21.00.04:858][  0]LogFileCache: Scanning file cache for directory 'D:/GitHub/Projects/Unreal/Unreal Projects/MyProject/Saved/Collections/' took 0.01s
[2017.05.07-21.00.04:858][  0]LogFileCache: Scanning file cache for directory 'D:/GitHub/Projects/Unreal/Unreal Projects/MyProject/Content/Developers/zehro/Collections/' took 0.01s
[2017.05.07-21.00.04:858][  0]LogFileCache: Scanning file cache for directory 'D:/GitHub/Projects/Unreal/Unreal Projects/MyProject/Content/Collections/' took 0.01s
[2017.05.07-21.00.04:858][  0]LogCollectionManager: Rebuilt the GUID cache for 0 collections in 0.000002 seconds
[2017.05.07-21.00.04:869][  0]LogContentBrowser: Native class hierarchy populated in 0.0109 seconds. Added 2284 classes and 468 folders.
[2017.05.07-21.00.04:928][  0]LogContentBrowser: Native class hierarchy updated for 'WidgetCarousel' in 0.0007 seconds. Added 0 classes and 0 folders.
[2017.05.07-21.00.04:984][  0]LogContentBrowser: Native class hierarchy updated for 'AddContentDialog' in 0.0007 seconds. Added 0 classes and 0 folders.
[2017.05.07-21.00.05:027][  0]LogContentBrowser: Native class hierarchy updated for 'SceneOutliner' in 0.0007 seconds. Added 1 classes and 2 folders.
[2017.05.07-21.00.05:140][  0]LogCrashTracker: Crashtracker disabled due to settings.
[2017.05.07-21.00.06:207][  0]LogSlate: Only BGRA pngs, bmps or icos are supported in by External Image Picker
[2017.05.07-21.00.06:247][  0]LogDirectoryWatcher:Warning: Failed to begin reading directory changes for ../../../../../GitHub/Projects/Unreal/Unreal Projects/MyProject/Plugins/. Error: The system cannot find the file specified. (0x00000002)
[2017.05.07-21.00.06:274][  0]LogUObjectGlobals:Warning: Failed to find object 'Class None.'
[2017.05.07-21.00.06:343][  0]LogTemp:Display: Executing iPhonePackager certificates Engine -bundlename com.YourCompany.MyProject

[2017.05.07-21.00.06:343][  0]LogTemp:Display: CWD: D:\Epic Games\UE_4.15\Engine\Binaries\DotNET\IOS

[2017.05.07-21.00.06:343][  0]LogTemp:Display: Initial Dir: D:\Epic Games\UE_4.15

[2017.05.07-21.00.06:343][  0]LogTemp:Display: Env CWD: D:\Epic Games\UE_4.15\Engine\Binaries\DotNET\IOS

[2017.05.07-21.00.06:343][  0]LogContentBrowser: Native class hierarchy updated for 'HierarchicalLODOutliner' in 0.0008 seconds. Added 1 classes and 2 folders.
[2017.05.07-21.00.06:343][  0]LogTemp:Display: BranchPath = NANO/D/Epic Games/UE_4.15/Engine/Binaries --- GameBranchPath = NANO/D/Epic Games/UE_4.15/Engine/Binaries

[2017.05.07-21.00.06:344][  0]LogLoad: (Engine Initialization) Total time: 82.78 seconds
[2017.05.07-21.00.06:344][  0]LogLoad: (Engine Initialization) Total Blueprint compile time: 0.26 seconds
[2017.05.07-21.00.06:344][  0]LogExternalProfiler: Found external profiler: VSPerf
[2017.05.07-21.00.06:344][  0]LogExternalProfiler: Using external profiler: VSPerf
[2017.05.07-21.00.06:683][  0]LogTemp:Display: IPP ERROR: Application exception: System.IO.DirectoryNotFoundException: Could not find a part of the path 'C:\Users\zehro\AppData\Local\Apple Computer\MobileDevice\Provisioning Profiles'.

[2017.05.07-21.00.06:683][  0]LogTemp:Display:    at System.IO.__Error.WinIOError(Int32 errorCode, String maybeFullPath)

[2017.05.07-21.00.06:683][  0]LogTemp:Display:    at System.IO.FileSystemEnumerableIterator`1.CommonInit()

[2017.05.07-21.00.06:683][  0]LogTemp:Display:    at System.IO.FileSystemEnumerableIterator`1..ctor(String path, String originalUserPath, String searchPattern, SearchOption searchOption, SearchResultHandler`1 resultHandler, Boolean checkHost)

[2017.05.07-21.00.06:683][  0]LogTemp:Display:    at System.IO.Directory.EnumerateFiles(String path, String searchPattern)

[2017.05.07-21.00.06:683][  0]LogTemp:Display:    at iPhonePackager.CodeSignatureBuilder.FindProvisions(String CFBundleIdentifier)

[2017.05.07-21.00.06:683][  0]LogTemp:Display:    at iPhonePackager.Program.Main(String[] args)

[2017.05.07-21.00.06:683][  0]LogOcInput: OculusInput pre-init called
[2017.05.07-21.00.06:706][  0]LogContentStreaming: Texture pool size now 1000 MB
[2017.05.07-21.00.06:707][  0]LogSlate: Took 0.000291 seconds to synchronously load lazily loaded font '../../../Engine/Content/Slate/Fonts/Roboto-Regular.ttf' (155K)
[2017.05.07-21.00.06:711][  0]LogSlate: Took 0.000287 seconds to synchronously load lazily loaded font '../../../Engine/Content/Slate/Fonts/Roboto-Bold.ttf' (160K)
[2017.05.07-21.00.06:718][  0]LogSlate: Took 0.000297 seconds to synchronously load lazily loaded font '../../../Engine/Content/Editor/Slate/Fonts/FontAwesome.ttf' (139K)
[2017.05.07-21.00.06:844][  0]LogSlate: Took 0.000290 seconds to synchronously load lazily loaded font '../../../Engine/Content/Slate/Fonts/Roboto-Light.ttf' (159K)
[2017.05.07-21.00.06:902][  0]LogRenderer: Reallocating scene render targets to support 996x488 NumSamples 1 (Frame:2).
[2017.05.07-21.00.07:024][  1]LogAssetRegistry: Asset discovery search completed in 42.1510 seconds
[2017.05.07-21.00.07:024][  1]LogCollectionManager: Rebuilt the object cache for 0 collections in 0.000006 seconds (found 0 objects)
[2017.05.07-21.00.07:025][  1]LogCollectionManager: Fixed up redirectors for 0 collections in 0.000022 seconds (updated 0 objects)
[2017.05.07-21.01.59:612][656]LogDirectoryWatcher: A directory notification for '../../../Engine/Plugins/' was aborted.
[2017.05.07-21.04.53:606][957]LogTemp: Repeting last play command: Selected Viewport
[2017.05.07-21.04.53:627][957]LogBlueprintUserMessages: Early PlayInEditor Detection: Level '/Game/ThirdPersonBP/Maps/ThirdPersonExampleMap.ThirdPersonExampleMap:PersistentLevel' has LevelScriptBlueprint '/Game/ThirdPersonBP/Maps/ThirdPersonExampleMap.ThirdPersonExampleMap:PersistentLevel.ThirdPersonExampleMap' with GeneratedClass '/Game/ThirdPersonBP/Maps/ThirdPersonExampleMap.ThirdPersonExampleMap_C' with ClassGeneratedBy '/Game/ThirdPersonBP/Maps/ThirdPersonExampleMap.ThirdPersonExampleMap:PersistentLevel.ThirdPersonExampleMap'
[2017.05.07-21.04.53:659][957]LogPlayLevel: PlayLevel: No blueprints needed recompiling
[2017.05.07-21.04.53:785][957]PIE: New page: PIE session: ThirdPersonExampleMap (May 7, 2017, 1:04:53 PM)
[2017.05.07-21.04.53:821][957]LogPlayLevel: Creating play world package: /Game/ThirdPersonBP/Maps/UEDPIE_0_ThirdPersonExampleMap
[2017.05.07-21.04.54:006][957]LogPlayLevel: PIE: StaticDuplicateObject took: (0.185887s)
[2017.05.07-21.04.54:007][957]LogAIModule: Creating AISystem for world ThirdPersonExampleMap
[2017.05.07-21.04.54:019][957]LogPlayLevel: PIE: World Init took: (0.013050s)
[2017.05.07-21.04.54:031][957]LogPlayLevel: PIE: Created PIE world by copying editor world from /Game/ThirdPersonBP/Maps/ThirdPersonExampleMap.ThirdPersonExampleMap to /Game/ThirdPersonBP/Maps/UEDPIE_0_ThirdPersonExampleMap.ThirdPersonExampleMap (0.225295s)
[2017.05.07-21.04.54:072][957]LogInit: XAudio2 using 'Speakers (High Definition Audio Device)' : 2 channels at 44.1 kHz using 16 bits per sample (channel mask 0x3)
[2017.05.07-21.04.54:081][957]LogInit: FAudioDevice initialized.
[2017.05.07-21.04.54:395][957]LogLoad: Game class is 'ThirdPersonGameMode_C'
[2017.05.07-21.04.54:591][957]LogWorld: Bringing World /Game/ThirdPersonBP/Maps/UEDPIE_0_ThirdPersonExampleMap.ThirdPersonExampleMap up for play (max tick rate 0) at 2017.05.07-17.04.54
[2017.05.07-21.04.54:671][957]LogWorld: Bringing up level for play took: 0.090853
[2017.05.07-21.04.55:016][957]LogContentBrowser: Native class hierarchy updated for 'MovieSceneCapture' in 0.0009 seconds. Added 11 classes and 0 folders.
[2017.05.07-21.04.55:084][957]PIE: Info Play in editor start time for /Game/ThirdPersonBP/Maps/UEDPIE_0_ThirdPersonExampleMap 0.825
[2017.05.07-21.04.55:085][957]LogBlueprintUserMessages: Late PlayInEditor Detection: Level '/Game/ThirdPersonBP/Maps/ThirdPersonExampleMap.ThirdPersonExampleMap:PersistentLevel' has LevelScriptBlueprint '/Game/ThirdPersonBP/Maps/ThirdPersonExampleMap.ThirdPersonExampleMap:PersistentLevel.ThirdPersonExampleMap' with GeneratedClass '/Game/ThirdPersonBP/Maps/ThirdPersonExampleMap.ThirdPersonExampleMap_C' with ClassGeneratedBy '/Game/ThirdPersonBP/Maps/ThirdPersonExampleMap.ThirdPersonExampleMap:PersistentLevel.ThirdPersonExampleMap'
[2017.05.07-21.05.17:723][602]LogBlueprintUserMessages: Early EndPlayMap Detection: Level '/Game/ThirdPersonBP/Maps/ThirdPersonExampleMap.ThirdPersonExampleMap:PersistentLevel' has LevelScriptBlueprint '/Game/ThirdPersonBP/Maps/ThirdPersonExampleMap.ThirdPersonExampleMap:PersistentLevel.ThirdPersonExampleMap' with GeneratedClass '/Game/ThirdPersonBP/Maps/ThirdPersonExampleMap.ThirdPersonExampleMap_C' with ClassGeneratedBy '/Game/ThirdPersonBP/Maps/ThirdPersonExampleMap.ThirdPersonExampleMap:PersistentLevel.ThirdPersonExampleMap'
[2017.05.07-21.05.17:827][602]LogBlueprintUserMessages: Late EndPlayMap Detection: Level '/Game/ThirdPersonBP/Maps/ThirdPersonExampleMap.ThirdPersonExampleMap:PersistentLevel' has LevelScriptBlueprint '/Game/ThirdPersonBP/Maps/ThirdPersonExampleMap.ThirdPersonExampleMap:PersistentLevel.ThirdPersonExampleMap' with GeneratedClass '/Game/ThirdPersonBP/Maps/ThirdPersonExampleMap.ThirdPersonExampleMap_C' with ClassGeneratedBy '/Game/ThirdPersonBP/Maps/ThirdPersonExampleMap.ThirdPersonExampleMap:PersistentLevel.ThirdPersonExampleMap'
[2017.05.07-21.13.07:312][168]Cmd: QUIT_EDITOR
[2017.05.07-21.13.07:967][168]LogWindowsTextInputMethodSystem:Display: IME system now deactivated.
[2017.05.07-21.13.08:010][168]LogExit: Preparing to exit.
[2017.05.07-21.13.08:948][168]LogDirectoryWatcher: A directory notification for 'D:/GitHub/Projects/Unreal/Unreal Projects/MyProject/Content/' was aborted.
[2017.05.07-21.13.09:014][168]LogExit: Editor shut down
[2017.05.07-21.13.09:015][168]LogExit: Transaction tracking system shut down
[2017.05.07-21.13.09:109][168]LogObj: Freed 0b from 0 cluster array pools.
[2017.05.07-21.13.09:109][168]LogExit: Object subsystem successfully closed.
[2017.05.07-21.13.09:133][168]LogD3D11RHI: Shutdown
[2017.05.07-21.13.09:133][168]LogD3D11RHI: CleanupD3DDevice
[2017.05.07-21.13.09:191][168]LogD3D11RHI: ~FD3D11DynamicRHI
[2017.05.07-21.13.09:203][168]LogModuleManager: Shutting down and abandoning module MovieSceneCapture (510)
[2017.05.07-21.13.09:203][168]LogModuleManager: Shutting down and abandoning module HierarchicalLODOutliner (508)
[2017.05.07-21.13.09:203][168]LogModuleManager: Shutting down and abandoning module ExternalImagePicker (506)
[2017.05.07-21.13.09:203][168]LogModuleManager: Shutting down and abandoning module CrashTracker (504)
[2017.05.07-21.13.09:203][168]LogModuleManager: Shutting down and abandoning module SceneOutliner (502)
[2017.05.07-21.13.09:203][168]LogModuleManager: Shutting down and abandoning module AddContentDialog (500)
[2017.05.07-21.13.09:203][168]LogDirectoryWatcher: A directory notification for 'D:/Epic Games/UE_4.15/FeaturePacks/' was aborted.
[2017.05.07-21.13.09:206][168]LogModuleManager: Shutting down and abandoning module WidgetCarousel (499)
[2017.05.07-21.13.09:206][168]LogModuleManager: Shutting down and abandoning module EditorWidgets (496)
[2017.05.07-21.13.09:206][168]LogModuleManager: Shutting down and abandoning module CollectionManager (494)
[2017.05.07-21.13.09:207][168]LogDirectoryWatcher: A directory notification for 'D:/GitHub/Projects/Unreal/Unreal Projects/MyProject/Content/Collections/' was aborted.
[2017.05.07-21.13.09:207][168]LogDirectoryWatcher: A directory notification for 'D:/GitHub/Projects/Unreal/Unreal Projects/MyProject/Content/Developers/zehro/Collections/' was aborted.
[2017.05.07-21.13.09:207][168]LogDirectoryWatcher: A directory notification for 'D:/GitHub/Projects/Unreal/Unreal Projects/MyProject/Saved/Collections/' was aborted.
[2017.05.07-21.13.09:207][168]LogModuleManager: Shutting down and abandoning module StatsViewer (492)
[2017.05.07-21.13.09:207][168]LogModuleManager: Shutting down and abandoning module FoliageEdit (490)
[2017.05.07-21.13.09:207][168]LogModuleManager: Shutting down and abandoning module LandscapeEditor (488)
[2017.05.07-21.13.09:207][168]LogModuleManager: Shutting down and abandoning module SceneDepthPickerMode (486)
[2017.05.07-21.13.09:207][168]LogModuleManager: Shutting down and abandoning module ActorPickerMode (484)
[2017.05.07-21.13.09:207][168]LogModuleManager: Shutting down and abandoning module GeometryMode (482)
[2017.05.07-21.13.09:207][168]LogModuleManager: Shutting down and abandoning module TextureAlignMode (480)
[2017.05.07-21.13.09:207][168]LogModuleManager: Shutting down and abandoning module BspMode (478)
[2017.05.07-21.13.09:207][168]LogModuleManager: Shutting down and abandoning module HardwareSurvey (476)
[2017.05.07-21.13.09:207][168]LogModuleManager: Shutting down and abandoning module SequenceRecorderSections (474)
[2017.05.07-21.13.09:207][168]LogModuleManager: Shutting down and abandoning module AutomationWorker (472)
[2017.05.07-21.13.09:207][168]LogModuleManager: Shutting down and abandoning module MatineeToLevelSequence (470)
[2017.05.07-21.13.09:207][168]LogModuleManager: Shutting down and abandoning module LevelSequenceEditor (468)
[2017.05.07-21.13.09:207][168]LogModuleManager: Shutting down and abandoning module PlacementMode (467)
[2017.05.07-21.13.09:207][168]LogModuleManager: Shutting down and abandoning module WmfMediaFactory (464)
[2017.05.07-21.13.09:207][168]LogModuleManager: Shutting down and abandoning module WmfMediaEditor (462)
[2017.05.07-21.13.09:207][168]LogModuleManager: Shutting down and abandoning module MfMediaFactory (460)
[2017.05.07-21.13.09:207][168]LogModuleManager: Shutting down and abandoning module MfMediaEditor (458)
[2017.05.07-21.13.09:207][168]LogModuleManager: Shutting down and abandoning module AvfMediaFactory (456)
[2017.05.07-21.13.09:207][168]LogModuleManager: Shutting down and abandoning module AvfMediaEditor (454)
[2017.05.07-21.13.09:207][168]LogModuleManager: Shutting down and abandoning module AndroidMediaFactory (452)
[2017.05.07-21.13.09:207][168]LogModuleManager: Shutting down and abandoning module Media (451)
[2017.05.07-21.13.09:207][168]LogModuleManager: Shutting down and abandoning module AndroidMediaEditor (448)
[2017.05.07-21.13.09:207][168]LogModuleManager: Shutting down and abandoning module CharacterAI (446)
[2017.05.07-21.13.09:207][168]LogModuleManager: Shutting down and abandoning module AudioCapture (444)
[2017.05.07-21.13.09:207][168]LogModuleManager: Shutting down and abandoning module SequenceRecorder (443)
[2017.05.07-21.13.09:207][168]LogModuleManager: Shutting down and abandoning module SmartSnapping (440)
[2017.05.07-21.13.09:207][168]LogModuleManager: Shutting down and abandoning module SessionServices (438)
[2017.05.07-21.13.09:207][168]LogModuleManager: Shutting down and abandoning module ViewportSnapping (436)
[2017.05.07-21.13.09:207][168]LogModuleManager: Shutting down and abandoning module ViewportInteraction (434)
[2017.05.07-21.13.09:207][168]LogModuleManager: Shutting down and abandoning module LogVisualizer (432)
[2017.05.07-21.13.09:207][168]LogModuleManager: Shutting down and abandoning module IntroTutorials (430)
[2017.05.07-21.13.09:207][168]LogModuleManager: Shutting down and abandoning module GameProjectGeneration (429)
[2017.05.07-21.13.09:207][168]LogModuleManager: Shutting down and abandoning module EditorLiveStreaming (426)
[2017.05.07-21.13.09:207][168]LogModuleManager: Shutting down and abandoning module IOSPlatformEditor (424)
[2017.05.07-21.13.09:207][168]LogModuleManager: Shutting down and abandoning module HTML5PlatformEditor (422)
[2017.05.07-21.13.09:207][168]LogModuleManager: Shutting down and abandoning module AndroidPlatformEditor (420)
[2017.05.07-21.13.09:207][168]LogModuleManager: Shutting down and abandoning module AndroidDeviceDetection (419)
[2017.05.07-21.13.10:093][168]LogModuleManager: Shutting down and abandoning module IOSRuntimeSettings (416)
[2017.05.07-21.13.10:093][168]LogModuleManager: Shutting down and abandoning module AndroidRuntimeSettings (414)
[2017.05.07-21.13.10:093][168]LogModuleManager: Shutting down and abandoning module InputBindingEditor (412)
[2017.05.07-21.13.10:093][168]LogModuleManager: Shutting down and abandoning module NiagaraEditor (410)
[2017.05.07-21.13.10:093][168]LogModuleManager: Shutting down and abandoning module MergeActors (408)
[2017.05.07-21.13.10:093][168]LogModuleManager: Shutting down and abandoning module SizeMap (406)
[2017.05.07-21.13.10:093][168]LogModuleManager: Shutting down and abandoning module TreeMap (404)
[2017.05.07-21.13.10:093][168]LogModuleManager: Shutting down and abandoning module ReferenceViewer (402)
[2017.05.07-21.13.10:093][168]LogModuleManager: Shutting down and abandoning module LocalizationDashboard (400)
[2017.05.07-21.13.10:093][168]LogModuleManager: Shutting down and abandoning module LocalizationService (399)
[2017.05.07-21.13.10:093][168]LogModuleManager: Shutting down and abandoning module HardwareTargeting (396)
[2017.05.07-21.13.10:093][168]LogModuleManager: Shutting down and abandoning module DeviceProfileEditor (394)
[2017.05.07-21.13.10:093][168]LogModuleManager: Shutting down and abandoning module UndoHistory (392)
[2017.05.07-21.13.10:093][168]LogModuleManager: Shutting down and abandoning module UserFeedback (390)
[2017.05.07-21.13.10:093][168]LogModuleManager: Shutting down and abandoning module XmlParser (388)
[2017.05.07-21.13.10:093][168]LogModuleManager: Shutting down and abandoning module Blutility (386)
[2017.05.07-21.13.10:093][168]LogModuleManager: Shutting down and abandoning module ProjectSettingsViewer (384)
[2017.05.07-21.13.10:094][168]LogModuleManager: Shutting down and abandoning module ProjectTargetPlatformEditor (383)
[2017.05.07-21.13.10:094][168]LogModuleManager: Shutting down and abandoning module EditorSettingsViewer (380)
[2017.05.07-21.13.10:094][168]LogModuleManager: Shutting down and abandoning module SettingsEditor (378)
[2017.05.07-21.13.10:094][168]LogModuleManager: Shutting down and abandoning module ProjectLauncher (376)
[2017.05.07-21.13.10:094][168]LogModuleManager: Shutting down and abandoning module SessionFrontend (374)
[2017.05.07-21.13.10:094][168]LogModuleManager: Shutting down and abandoning module ProfilerClient (372)
[2017.05.07-21.13.10:094][168]LogModuleManager: Shutting down and abandoning module DeviceManager (370)
[2017.05.07-21.13.10:094][168]LogModuleManager: Shutting down and abandoning module TargetDeviceServices (369)
[2017.05.07-21.13.10:138][168]LogModuleManager: Shutting down and abandoning module AutomationController (366)
[2017.05.07-21.13.10:138][168]LogModuleManager: Shutting down and abandoning module AutomationWindow (364)
[2017.05.07-21.13.10:138][168]LogModuleManager: Shutting down and abandoning module Layers (362)
[2017.05.07-21.13.10:138][168]LogModuleManager: Shutting down and abandoning module ComponentVisualizers (360)
[2017.05.07-21.13.10:138][168]LogModuleManager: Shutting down and abandoning module DetailCustomizations (358)
[2017.05.07-21.13.10:138][168]LogModuleManager: Shutting down and abandoning module PackagesDialog (356)
[2017.05.07-21.13.10:138][168]LogModuleManager: Shutting down and abandoning module Persona (354)
[2017.05.07-21.13.10:138][168]LogModuleManager: Shutting down and abandoning module AnimGraph (353)
[2017.05.07-21.13.10:138][168]LogModuleManager: Shutting down and abandoning module Kismet (350)
[2017.05.07-21.13.10:138][168]LogModuleManager: Shutting down and abandoning module GraphEditor (348)
[2017.05.07-21.13.10:138][168]LogModuleManager: Shutting down and abandoning module ClassViewer (346)
[2017.05.07-21.13.10:138][168]LogModuleManager: Shutting down and abandoning module Toolbox (344)
[2017.05.07-21.13.10:138][168]LogModuleManager: Shutting down and abandoning module ModuleUI (342)
[2017.05.07-21.13.10:139][168]LogModuleManager: Shutting down and abandoning module MovieSceneTools (340)
[2017.05.07-21.13.10:139][168]LogModuleManager: Shutting down and abandoning module OutputLog (338)
[2017.05.07-21.13.10:139][168]LogModuleManager: Shutting down and abandoning module GammaUI (336)
[2017.05.07-21.13.10:139][168]LogModuleManager: Shutting down and abandoning module Documentation (334)
[2017.05.07-21.13.10:139][168]LogModuleManager: Shutting down and abandoning module Niagara (332)
[2017.05.07-21.13.10:139][168]LogModuleManager: Shutting down and abandoning module StreamingPauseRendering (330)
[2017.05.07-21.13.10:139][168]LogModuleManager: Shutting down and abandoning module AnalyticsET (328)
[2017.05.07-21.13.10:139][168]LogModuleManager: Shutting down and abandoning module PortalServices (326)
[2017.05.07-21.13.10:139][168]LogModuleManager: Shutting down and abandoning module PortalRpc (324)
[2017.05.07-21.13.10:139][168]LogModuleManager: Shutting down and abandoning module MessagingRpc (322)
[2017.05.07-21.13.10:139][168]LogModuleManager: Shutting down and abandoning module AIModule (320)
[2017.05.07-21.13.10:139][168]LogModuleManager: Shutting down and abandoning module GameplayDebugger (319)
[2017.05.07-21.13.10:139][168]LogModuleManager: Shutting down and abandoning module AITestSuite (317)
[2017.05.07-21.13.10:139][168]LogModuleManager: Shutting down and abandoning module ProfilerService (314)
[2017.05.07-21.13.10:162][168]LogModuleManager: Shutting down and abandoning module TaskGraph (312)
[2017.05.07-21.13.10:162][168]LogModuleManager: Shutting down and abandoning module SubstanceEditor (310)
[2017.05.07-21.13.10:162][168]LogModuleManager: Shutting down and abandoning module SteamVRController (308)
[2017.05.07-21.13.10:162][168]LogModuleManager: Shutting down and abandoning module SteamVR (306)
[2017.05.07-21.13.10:162][168]LogModuleManager: Shutting down and abandoning module ProceduralMeshComponentEditor (304)
[2017.05.07-21.13.10:162][168]LogModuleManager: Shutting down and abandoning module ProceduralMeshComponent (302)
[2017.05.07-21.13.10:162][168]LogModuleManager: Shutting down and abandoning module OculusLibrary (300)
[2017.05.07-21.13.10:162][168]LogModuleManager: Shutting down and abandoning module OculusInput (298)
[2017.05.07-21.13.10:162][168]LogModuleManager: Shutting down and abandoning module MobilePatchingUtils (296)
[2017.05.07-21.13.10:163][168]LogModuleManager: Shutting down and abandoning module CustomMeshComponent (294)
[2017.05.07-21.13.10:163][168]LogModuleManager: Shutting down and abandoning module CableComponent (292)
[2017.05.07-21.13.10:163][168]LogModuleManager: Shutting down and abandoning module ArchVisCharacter (290)
[2017.05.07-21.13.10:163][168]LogModuleManager: Shutting down and abandoning module MediaPlayerEditor (286)
[2017.05.07-21.13.10:178][168]LogModuleManager: Shutting down and abandoning module LowEntryExtendedStandardLibraryEditor (284)
[2017.05.07-21.13.10:178][168]LogModuleManager: Shutting down and abandoning module HTML5Networking (282)
[2017.05.07-21.13.10:178][168]LogModuleManager: Shutting down and abandoning module AlembicImporter (280)
[2017.05.07-21.13.10:178][168]LogModuleManager: Shutting down and abandoning module AlembicLibrary (279)
[2017.05.07-21.13.10:178][168]LogModuleManager: Shutting down and abandoning module GeometryCache (278)
[2017.05.07-21.13.10:178][168]LogModuleManager: Shutting down and abandoning module GeometryCacheEd (277)
[2017.05.07-21.13.10:178][168]LogModuleManager: Shutting down and abandoning module SuperSearchEditor (272)
[2017.05.07-21.13.10:178][168]LogModuleManager: Shutting down and abandoning module SuperSearch (271)
[2017.05.07-21.13.10:178][168]LogModuleManager: Shutting down and abandoning module SpeedTreeImporter (268)
[2017.05.07-21.13.10:178][168]LogModuleManager: Shutting down and abandoning module PluginBrowser (266)
[2017.05.07-21.13.10:178][168]LogModuleManager: Shutting down and abandoning module MobileLauncherProfileWizard (264)
[2017.05.07-21.13.10:178][168]LogModuleManager: Shutting down and abandoning module EpicSurvey (262)
[2017.05.07-21.13.10:178][168]LogModuleManager: Shutting down and abandoning module VisualStudioSourceCodeAccess (260)
[2017.05.07-21.13.10:178][168]LogModuleManager: Shutting down and abandoning module DesktopPlatform (259)
[2017.05.07-21.13.10:178][168]LogModuleManager: Shutting down and abandoning module UObjectPlugin (256)
[2017.05.07-21.13.10:178][168]LogModuleManager: Shutting down and abandoning module SubversionSourceControl (254)
[2017.05.07-21.13.10:178][168]LogModuleManager: Shutting down and abandoning module PerforceSourceControl (252)
[2017.05.07-21.13.10:179][168]LogModuleManager: Shutting down and abandoning module GitSourceControl (250)
[2017.05.07-21.13.10:179][168]LogModuleManager: Shutting down and abandoning module SourceControl (249)
[2017.05.07-21.13.10:179][168]LogModuleManager: Shutting down and abandoning module LightPropagationVolumeEditor (246)
[2017.05.07-21.13.10:179][168]LogModuleManager: Shutting down and abandoning module PaperTiledImporter (244)
[2017.05.07-21.13.10:179][168]LogModuleManager: Shutting down and abandoning module PaperSpriteSheetImporter (242)
[2017.05.07-21.13.10:179][168]LogModuleManager: Shutting down and abandoning module Paper2DEditor (240)
[2017.05.07-21.13.10:179][168]LogModuleManager: Shutting down and abandoning module MeshPaint (239)
[2017.05.07-21.13.10:179][168]LogModuleManager: Shutting down and abandoning module LevelEditor (237)
[2017.05.07-21.13.10:181][168]LogModuleManager: Shutting down and abandoning module PixelInspectorModule (236)
[2017.05.07-21.13.10:181][168]LogModuleManager: Shutting down and abandoning module MainFrame (234)
[2017.05.07-21.13.10:181][168]LogModuleManager: Shutting down and abandoning module HotReload (233)
[2017.05.07-21.13.10:182][168]LogModuleManager: Shutting down and abandoning module ContentBrowser (229)
[2017.05.07-21.13.10:184][168]LogModuleManager: Shutting down and abandoning module PhysXVehiclesEditor (226)
[2017.05.07-21.13.10:184][168]LogModuleManager: Shutting down and abandoning module PhysXVehicles (224)
[2017.05.07-21.13.10:184][168]LogModuleManager: Shutting down and abandoning module LocationServicesBPLibrary (222)
[2017.05.07-21.13.10:184][168]LogModuleManager: Shutting down and abandoning module UdpMessaging (220)
[2017.05.07-21.13.10:285][168]LogModuleManager: Shutting down and abandoning module TcpMessaging (218)
[2017.05.07-21.13.10:385][168]LogModuleManager: Shutting down and abandoning module SubstanceCore (216)
[2017.05.07-21.13.10:385][168]LogModuleManager: Shutting down and abandoning module LowEntryExtendedStandardLibrary (214)
[2017.05.07-21.13.10:385][168]LogModuleManager: Shutting down and abandoning module GameplayTagsEditor (212)
[2017.05.07-21.13.10:385][168]LogModuleManager: Shutting down and abandoning module FacialAnimationEditor (210)
[2017.05.07-21.13.10:385][168]LogModuleManager: Shutting down and abandoning module FacialAnimation (208)
[2017.05.07-21.13.10:385][168]LogModuleManager: Shutting down and abandoning module LightPropagationVolumeRuntime (206)
[2017.05.07-21.13.10:385][168]LogModuleManager: Shutting down and abandoning module Paper2D (204)
[2017.05.07-21.13.10:385][168]LogModuleManager: Shutting down and abandoning module WindowsMoviePlayer (202)
[2017.05.07-21.13.10:385][168]LogModuleManager: Shutting down and abandoning module WmfMedia (200)
[2017.05.07-21.13.10:385][168]LogModuleManager: Shutting down and abandoning module MfMedia (198)
[2017.05.07-21.13.10:385][168]LogModuleManager: Shutting down and abandoning module MediaAssets (196)
[2017.05.07-21.13.10:385][168]LogModuleManager: Shutting down and abandoning module GameLiveStreaming (194)
[2017.05.07-21.13.10:385][168]LogModuleManager: Shutting down and abandoning module VREditor (192)
[2017.05.07-21.13.10:385][168]LogModuleManager: Shutting down and abandoning module GameplayTasksEditor (190)
[2017.05.07-21.13.10:385][168]LogModuleManager: Shutting down and abandoning module BehaviorTreeEditor (188)
[2017.05.07-21.13.10:385][168]LogModuleManager: Shutting down and abandoning module FunctionalTesting (186)
[2017.05.07-21.13.10:385][168]LogModuleManager: Shutting down and abandoning module CollisionAnalyzer (184)
[2017.05.07-21.13.10:385][168]LogModuleManager: Shutting down and abandoning module UMG (182)
[2017.05.07-21.13.10:385][168]LogModuleManager: Shutting down and abandoning module UMGEditor (181)
[2017.05.07-21.13.10:385][168]LogModuleManager: Shutting down and abandoning module Sequencer (180)
[2017.05.07-21.13.10:385][168]LogModuleManager: Shutting down and abandoning module AssetTools (178)
[2017.05.07-21.13.10:386][168]LogModuleManager: Shutting down and abandoning module MessageLog (177)
[2017.05.07-21.13.10:386][168]LogModuleManager: Shutting down and abandoning module WorkspaceMenuStructure (176)
[2017.05.07-21.13.10:386][168]LogModuleManager: Shutting down and abandoning module SlateReflector (170)
[2017.05.07-21.13.10:386][168]LogModuleManager: Shutting down and abandoning module Slate (168)
[2017.05.07-21.13.10:386][168]LogModuleManager: Shutting down and abandoning module EditorStyle (166)
[2017.05.07-21.13.10:388][168]LogModuleManager: Shutting down and abandoning module SourceCodeAccess (164)
[2017.05.07-21.13.10:388][168]LogModuleManager: Shutting down and abandoning module HeadMountedDisplay (162)
[2017.05.07-21.13.10:388][168]LogModuleManager: Shutting down and abandoning module XAudio2 (160)
[2017.05.07-21.13.10:388][168]LogModuleManager: Shutting down and abandoning module Networking (158)
[2017.05.07-21.13.10:388][168]LogModuleManager: Shutting down and abandoning module Core (154)
[2017.05.07-21.13.10:388][168]LogModuleManager: Shutting down and abandoning module AssetRegistry (152)
[2017.05.07-21.13.10:609][168]LogDirectoryWatcher: A directory notification for '../../../Engine/Content/' was aborted.
[2017.05.07-21.13.10:610][168]LogDirectoryWatcher: A directory notification for '../../../../../GitHub/Projects/Unreal/Unreal Projects/MyProject/Content/' was aborted.
[2017.05.07-21.13.10:610][168]LogDirectoryWatcher: A directory notification for '../../../Engine/Plugins/2D/Paper2D/Content/' was aborted.
[2017.05.07-21.13.10:610][168]LogDirectoryWatcher: A directory notification for '../../../Engine/Plugins/Marketplace/LowEntryExtStdLib/Content/' was aborted.
[2017.05.07-21.13.10:610][168]LogModuleManager: Shutting down and abandoning module DirectoryWatcher (151)
[2017.05.07-21.13.10:612][168]LogModuleManager: Shutting down and abandoning module KismetCompiler (148)
[2017.05.07-21.13.10:612][168]LogModuleManager: Shutting down and abandoning module PhysXFormats (146)
[2017.05.07-21.13.10:612][168]LogModuleManager: Shutting down and abandoning module MeshUtilities (144)
[2017.05.07-21.13.10:612][168]LogModuleManager: Shutting down and abandoning module SimplygonSwarm (143)
[2017.05.07-21.13.10:612][168]LogModuleManager: Shutting down and abandoning module SimplygonMeshReduction (141)
[2017.05.07-21.13.10:612][168]LogModuleManager: Shutting down and abandoning module QuadricMeshReduction (139)
[2017.05.07-21.13.10:612][168]LogModuleManager: Shutting down and abandoning module PropertyEditor (137)
[2017.05.07-21.13.10:612][168]LogModuleManager: Shutting down and abandoning module DerivedDataCache (134)
[2017.05.07-21.13.10:667][168]LogDerivedDataCache: Shutdown
[2017.05.07-21.13.10:667][168]LogModuleManager: Shutting down and abandoning module TargetPlatform (132)
[2017.05.07-21.13.10:667][168]LogModuleManager: Shutting down and abandoning module VulkanShaderFormat (131)
[2017.05.07-21.13.10:667][168]LogModuleManager: Shutting down and abandoning module ShaderFormatOpenGL (129)
[2017.05.07-21.13.10:667][168]LogModuleManager: Shutting down and abandoning module ShaderFormatD3D (127)
[2017.05.07-21.13.10:667][168]LogModuleManager: Shutting down and abandoning module MetalShaderFormat (125)
[2017.05.07-21.13.10:667][168]LogModuleManager: Shutting down and abandoning module TextureFormatUncompressed (123)
[2017.05.07-21.13.10:667][168]LogModuleManager: Shutting down and abandoning module TextureFormatPVR (121)
[2017.05.07-21.13.10:667][168]LogModuleManager: Shutting down and abandoning module TextureFormatDXT (119)
[2017.05.07-21.13.10:667][168]LogModuleManager: Shutting down and abandoning module TextureFormatIntelISPCTexComp (117)
[2017.05.07-21.13.10:668][168]LogModuleManager: Shutting down and abandoning module TextureFormatASTC (115)
[2017.05.07-21.13.10:668][168]LogModuleManager: Shutting down and abandoning module ImageWrapper (114)
[2017.05.07-21.13.10:668][168]LogModuleManager: Shutting down and abandoning module TextureFormatAndroid (111)
[2017.05.07-21.13.10:668][168]LogModuleManager: Shutting down and abandoning module AudioFormatOpus (109)
[2017.05.07-21.13.10:668][168]LogModuleManager: Shutting down and abandoning module AudioFormatOgg (107)
[2017.05.07-21.13.10:668][168]LogModuleManager: Shutting down and abandoning module AudioFormatADPCM (105)
[2017.05.07-21.13.10:668][168]LogModuleManager: Shutting down and abandoning module LinuxTargetPlatform (103)
[2017.05.07-21.13.10:668][168]LogModuleManager: Shutting down and abandoning module LinuxServerTargetPlatform (101)
[2017.05.07-21.13.10:668][168]LogModuleManager: Shutting down and abandoning module LinuxNoEditorTargetPlatform (99)
[2017.05.07-21.13.10:668][168]LogModuleManager: Shutting down and abandoning module LinuxClientTargetPlatform (97)
[2017.05.07-21.13.10:668][168]LogModuleManager: Shutting down and abandoning module TVOSTargetPlatform (95)
[2017.05.07-21.13.10:668][168]LogModuleManager: Shutting down and abandoning module Messaging (93)
[2017.05.07-21.13.10:668][168]LogModuleManager: Shutting down and abandoning module IOSTargetPlatform (91)
[2017.05.07-21.13.10:668][168]LogModuleManager: Shutting down and abandoning module HTML5TargetPlatform (89)
[2017.05.07-21.13.10:668][168]LogModuleManager: Shutting down and abandoning module Android_PVRTCTargetPlatform (87)
[2017.05.07-21.13.10:668][168]LogModuleManager: Shutting down and abandoning module Android_MultiTargetPlatform (85)
[2017.05.07-21.13.10:668][168]LogModuleManager: Shutting down and abandoning module Android_ETC2TargetPlatform (83)
[2017.05.07-21.13.10:668][168]LogModuleManager: Shutting down and abandoning module Android_ETC1TargetPlatform (81)
[2017.05.07-21.13.10:668][168]LogModuleManager: Shutting down and abandoning module Android_DXTTargetPlatform (79)
[2017.05.07-21.13.10:668][168]LogModuleManager: Shutting down and abandoning module Android_ATCTargetPlatform (77)
[2017.05.07-21.13.10:668][168]LogModuleManager: Shutting down and abandoning module Android_ASTCTargetPlatform (75)
[2017.05.07-21.13.10:668][168]LogModuleManager: Shutting down and abandoning module AndroidTargetPlatform (73)
[2017.05.07-21.13.10:668][168]LogModuleManager: Shutting down and abandoning module WindowsTargetPlatform (71)
[2017.05.07-21.13.10:668][168]LogModuleManager: Shutting down and abandoning module WindowsServerTargetPlatform (69)
[2017.05.07-21.13.10:668][168]LogModuleManager: Shutting down and abandoning module WindowsNoEditorTargetPlatform (67)
[2017.05.07-21.13.10:668][168]LogModuleManager: Shutting down and abandoning module WindowsClientTargetPlatform (65)
[2017.05.07-21.13.10:668][168]LogModuleManager: Shutting down and abandoning module MacTargetPlatform (63)
[2017.05.07-21.13.10:668][168]LogModuleManager: Shutting down and abandoning module MacServerTargetPlatform (61)
[2017.05.07-21.13.10:668][168]LogModuleManager: Shutting down and abandoning module MacNoEditorTargetPlatform (59)
[2017.05.07-21.13.10:668][168]LogModuleManager: Shutting down and abandoning module MacClientTargetPlatform (57)
[2017.05.07-21.13.10:668][168]LogModuleManager: Shutting down and abandoning module AllDesktopTargetPlatform (55)
[2017.05.07-21.13.10:668][168]LogModuleManager: Shutting down and abandoning module InputCore (52)
[2017.05.07-21.13.10:668][168]LogModuleManager: Shutting down and abandoning module Settings (50)
[2017.05.07-21.13.10:668][168]LogModuleManager: Shutting down and abandoning module OculusRift (48)
[2017.05.07-21.13.10:668][168]LogModuleManager: Shutting down and abandoning module GearVR (46)
[2017.05.07-21.13.10:668][168]LogModuleManager: Shutting down and abandoning module ExampleDeviceProfileSelector (44)
[2017.05.07-21.13.10:668][168]LogModuleManager: Shutting down and abandoning module OnlineBlueprintSupport (42)
[2017.05.07-21.13.10:668][168]LogModuleManager: Shutting down and abandoning module OnlineSubsystem (38)
[2017.05.07-21.13.10:668][168]LogOnline:Display: Unloading online subsystem: NULL
[2017.05.07-21.13.10:668][168]LogModuleManager: Shutting down and abandoning module XMPP (37)
[2017.05.07-21.13.10:668][168]LogModuleManager: Shutting down and abandoning module HTTP (35)
[2017.05.07-21.13.10:668][168]LogHttp:Display: Http module shutting down, but needs to wait on 1 outstanding Http requests:
[2017.05.07-21.13.10:668][168]LogHttp:Display: 	verb=[POST] url=[https://datarouter.ol.epicgames.com/datarouter/api/v1/public/data?SessionID=%7B425389D2-471C-02FE-7C9D-408629C0A4C3%7D&AppID=UEEditor.Rocket.Release&AppVersion=4.15.2-3416026%2B%2B%2BUE4%2BRelease-4.15&UserID=2493a7804bace3c0f6a0a1b862647e67%7C8e1648d822704cb2bcf9a0a79fc0a455%7Ca61de1b0-4be3-4cd5-a5da-fa0ac5ca6982&AppEnvironment=datacollector-binary&UploadType=eteventstream] status=Processing
[2017.05.07-21.13.10:688][168]LogModuleManager: Shutting down and abandoning module SSL (34)
[2017.05.07-21.13.10:689][168]LogModuleManager: Shutting down and abandoning module AudioEditor (30)
[2017.05.07-21.13.10:689][168]LogModuleManager: Shutting down and abandoning module TextureCompressor (28)
[2017.05.07-21.13.10:689][168]LogModuleManager: Shutting down and abandoning module ShaderCore (26)
[2017.05.07-21.13.10:689][168]LogModuleManager: Shutting down and abandoning module Landscape (24)
[2017.05.07-21.13.10:689][168]LogModuleManager: Shutting down and abandoning module SlateRHIRenderer (22)
[2017.05.07-21.13.10:692][168]LogModuleManager: Shutting down and abandoning module OpenGLDrv (20)
[2017.05.07-21.13.10:692][168]LogModuleManager: Shutting down and abandoning module D3D11RHI (18)
[2017.05.07-21.13.10:692][168]LogModuleManager: Shutting down and abandoning module AnimGraphRuntime (16)
[2017.05.07-21.13.10:692][168]LogModuleManager: Shutting down and abandoning module Renderer (14)
[2017.05.07-21.13.10:692][168]LogModuleManager: Shutting down and abandoning module Engine (12)
[2017.05.07-21.13.10:692][168]LogModuleManager: Shutting down and abandoning module CoreUObject (10)
[2017.05.07-21.13.10:692][168]LogModuleManager: Shutting down and abandoning module NetworkFile (8)
[2017.05.07-21.13.10:692][168]LogModuleManager: Shutting down and abandoning module StreamingFile (6)
[2017.05.07-21.13.10:692][168]LogModuleManager: Shutting down and abandoning module SandboxFile (4)
[2017.05.07-21.13.10:692][168]LogModuleManager: Shutting down and abandoning module PakFile (2)
[2017.05.07-21.13.10:694][168]LogExit: Exiting.
[2017.05.07-21.13.10:708][168]Log file closed, 05/07/17 17:13:10
